#
# A fatal error has been detected by the Java Runtime Environment:
#
#  EXCEPTION_ACCESS_VIOLATION (0xc0000005) at pc=0x00007fff44814879, pid=3788, tid=11384
#
# JRE version: Java(TM) SE Runtime Environment 18.9 (11.0.11+9) (build 11.0.11+9-LTS-194)
# Java VM: Java HotSpot(TM) 64-Bit Server VM 18.9 (11.0.11+9-LTS-194, mixed mode, tiered, compressed oops, g1 gc, windows-amd64)
# Problematic frame:
# C  [javafx_font.dll+0x4879]
#
# No core dump will be written. Minidumps are not enabled by default on client versions of Windows
#
# If you would like to submit a bug report, please visit:
#   https://bugreport.java.com/bugreport/crash.jsp
# The crash happened outside the Java Virtual Machine in native code.
# See problematic frame for where to report the bug.
#

---------------  S U M M A R Y ------------

Command Line: -Dglass.platform=Monocle -Djava.awt.headless=true -Dmonocle.platform=headless -Dorg.gradle.internal.worker.tmpdir=C:\Users\tomit\git\ohtu-miniprojekti2021\app\build\tmp\test\work -Dorg.gradle.native=false -Dprism.order=sw -Dprism.text=t2k -Dtestfx.headless=true -Dtestfx.robot=glass -javaagent:build/tmp/expandedArchives/org.jacoco.agent-0.8.7.jar_3a83c50b4a016f281c4e9f3500d16b55/jacocoagent.jar=destfile=build/jacoco/test.exec,append=true,inclnolocationclasses=false,dumponexit=true,output=file,jmx=false --add-opens=java.base/java.util=ALL-UNNAMED --add-opens=java.base/java.lang=ALL-UNNAMED -Xmx512m -Dfile.encoding=windows-1252 -Duser.country=GB -Duser.language=en -Duser.variant -ea worker.org.gradle.process.internal.worker.GradleWorkerMain 'Gradle Test Executor 1'

Host: AMD Ryzen 3 3200G with Radeon Vega Graphics    , 4 cores, 5G,  Windows 10 , 64 bit Build 19041 (10.0.19041.1348)
Time: Thu Dec 16 00:33:59 2021 FLE Standard Time elapsed time: 6.640606 seconds (0d 0h 0m 6s)

---------------  T H R E A D  ---------------

Current thread (0x00000257ce5b2000):  JavaThread "QuantumRenderer-0" daemon [_thread_in_native, id=11384, stack(0x000000c2d5c00000,0x000000c2d5d00000)]

Stack: [0x000000c2d5c00000,0x000000c2d5d00000],  sp=0x000000c2d5cfbf50,  free space=1007k
Native frames: (J=compiled Java code, j=interpreted, Vv=VM code, C=native code)
C  [javafx_font.dll+0x4879]

Java frames: (J=compiled Java code, j=interpreted, Vv=VM code)
j  com.sun.javafx.font.directwrite.OS.CreateBitmap(JIIII)J+0
j  com.sun.javafx.font.directwrite.IWICImagingFactory.CreateBitmap(IIII)Lcom/sun/javafx/font/directwrite/IWICBitmap;+14
j  com.sun.javafx.font.directwrite.DWGlyph.createBitmap(II)Lcom/sun/javafx/font/directwrite/IWICBitmap;+21
j  com.sun.javafx.font.directwrite.DWGlyph.getCachedBitmap()Lcom/sun/javafx/font/directwrite/IWICBitmap;+30
j  com.sun.javafx.font.directwrite.DWGlyph.getD2DMask(FFZ)[B+194
j  com.sun.javafx.font.directwrite.DWGlyph.getPixelData(I)[B+160
j  com.sun.prism.sw.SWGraphics.drawGlyph(Lcom/sun/javafx/font/FontStrike;Lcom/sun/javafx/scene/text/GlyphList;ILcom/sun/javafx/geom/transform/BaseTransform;ZFF)V+118
j  com.sun.prism.sw.SWGraphics.drawString(Lcom/sun/javafx/scene/text/GlyphList;Lcom/sun/javafx/font/FontStrike;FFLcom/sun/prism/paint/Color;II)V+661
j  com.sun.javafx.sg.prism.NGText.renderText(Lcom/sun/prism/Graphics;Lcom/sun/javafx/font/FontStrike;Lcom/sun/javafx/geom/BaseBounds;Lcom/sun/prism/paint/Color;I)V+330
j  com.sun.javafx.sg.prism.NGText.renderContent2D(Lcom/sun/prism/Graphics;Z)V+437
j  com.sun.javafx.sg.prism.NGShape.renderContent(Lcom/sun/prism/Graphics;)V+684
j  com.sun.javafx.sg.prism.NGNode.doRender(Lcom/sun/prism/Graphics;)V+659
j  com.sun.javafx.sg.prism.NGNode.render(Lcom/sun/prism/Graphics;)V+80
j  com.sun.javafx.sg.prism.NGGroup.renderContent(Lcom/sun/prism/Graphics;)V+264
j  com.sun.javafx.sg.prism.NGRegion.renderContent(Lcom/sun/prism/Graphics;)V+217
j  com.sun.javafx.sg.prism.NGNode.doRender(Lcom/sun/prism/Graphics;)V+659
j  com.sun.javafx.sg.prism.NGNode.render(Lcom/sun/prism/Graphics;)V+80
j  com.sun.javafx.sg.prism.NGGroup.renderContent(Lcom/sun/prism/Graphics;)V+264
j  com.sun.javafx.sg.prism.NGRegion.renderContent(Lcom/sun/prism/Graphics;)V+217
j  com.sun.javafx.sg.prism.NGNode.doRender(Lcom/sun/prism/Graphics;)V+659
j  com.sun.javafx.sg.prism.NGNode.render(Lcom/sun/prism/Graphics;)V+80
j  com.sun.javafx.sg.prism.NGGroup.renderContent(Lcom/sun/prism/Graphics;)V+264
j  com.sun.javafx.sg.prism.NGRegion.renderContent(Lcom/sun/prism/Graphics;)V+217
j  com.sun.javafx.sg.prism.NGNode.doRender(Lcom/sun/prism/Graphics;)V+659
j  com.sun.javafx.sg.prism.NGNode.render(Lcom/sun/prism/Graphics;)V+80
j  com.sun.javafx.sg.prism.NGGroup.renderContent(Lcom/sun/prism/Graphics;)V+264
j  com.sun.javafx.sg.prism.NGRegion.renderContent(Lcom/sun/prism/Graphics;)V+217
j  com.sun.javafx.sg.prism.NGNode.renderForClip(Lcom/sun/prism/Graphics;)V+33
j  com.sun.javafx.sg.prism.NGNode.renderRectClip(Lcom/sun/prism/Graphics;Lcom/sun/javafx/sg/prism/NGRectangle;)V+221
j  com.sun.javafx.sg.prism.NGNode.renderClip(Lcom/sun/prism/Graphics;)V+161
j  com.sun.javafx.sg.prism.NGNode.doRender(Lcom/sun/prism/Graphics;)V+569
j  com.sun.javafx.sg.prism.NGNode.render(Lcom/sun/prism/Graphics;)V+80
j  com.sun.javafx.sg.prism.NGGroup.renderContent(Lcom/sun/prism/Graphics;)V+264
j  com.sun.javafx.sg.prism.NGRegion.renderContent(Lcom/sun/prism/Graphics;)V+217
j  com.sun.javafx.sg.prism.NGNode.doRender(Lcom/sun/prism/Graphics;)V+659
j  com.sun.javafx.sg.prism.NGNode.render(Lcom/sun/prism/Graphics;)V+80
j  com.sun.javafx.sg.prism.NGGroup.renderContent(Lcom/sun/prism/Graphics;)V+264
j  com.sun.javafx.sg.prism.NGRegion.renderContent(Lcom/sun/prism/Graphics;)V+217
j  com.sun.javafx.sg.prism.NGNode.doRender(Lcom/sun/prism/Graphics;)V+659
j  com.sun.javafx.sg.prism.NGNode.render(Lcom/sun/prism/Graphics;)V+80
j  com.sun.javafx.sg.prism.NGGroup.renderContent(Lcom/sun/prism/Graphics;)V+264
j  com.sun.javafx.sg.prism.NGRegion.renderContent(Lcom/sun/prism/Graphics;)V+217
j  com.sun.javafx.sg.prism.NGNode.renderForClip(Lcom/sun/prism/Graphics;)V+33
j  com.sun.javafx.sg.prism.NGNode.renderRectClip(Lcom/sun/prism/Graphics;Lcom/sun/javafx/sg/prism/NGRectangle;)V+221
j  com.sun.javafx.sg.prism.NGNode.renderClip(Lcom/sun/prism/Graphics;)V+161
j  com.sun.javafx.sg.prism.CacheFilter.renderNodeToCache(Lcom/sun/scenario/effect/ImageData;Lcom/sun/javafx/geom/Rectangle;Lcom/sun/javafx/geom/transform/BaseTransform;Lcom/sun/javafx/geom/Rectangle;)V+276
j  com.sun.javafx.sg.prism.CacheFilter.render(Lcom/sun/prism/Graphics;)V+586
j  com.sun.javafx.sg.prism.NGNode.renderCached(Lcom/sun/prism/Graphics;)V+68
j  com.sun.javafx.sg.prism.NGNode.doRender(Lcom/sun/prism/Graphics;)V+514
j  com.sun.javafx.sg.prism.NGNode.render(Lcom/sun/prism/Graphics;)V+80
j  com.sun.javafx.sg.prism.NGGroup.renderContent(Lcom/sun/prism/Graphics;)V+264
j  com.sun.javafx.sg.prism.NGRegion.renderContent(Lcom/sun/prism/Graphics;)V+217
j  com.sun.javafx.sg.prism.NGNode.doRender(Lcom/sun/prism/Graphics;)V+659
j  com.sun.javafx.sg.prism.NGNode.render(Lcom/sun/prism/Graphics;)V+80
j  com.sun.javafx.sg.prism.NGGroup.renderContent(Lcom/sun/prism/Graphics;)V+264
j  com.sun.javafx.sg.prism.NGRegion.renderContent(Lcom/sun/prism/Graphics;)V+217
j  com.sun.javafx.sg.prism.NGNode.doRender(Lcom/sun/prism/Graphics;)V+659
j  com.sun.javafx.sg.prism.NGNode.render(Lcom/sun/prism/Graphics;)V+80
j  com.sun.javafx.tk.quantum.ViewPainter.doPaint(Lcom/sun/prism/Graphics;Lcom/sun/javafx/sg/prism/NodePath;)V+386
j  com.sun.javafx.tk.quantum.ViewPainter.paintImpl(Lcom/sun/prism/Graphics;)V+1628
j  com.sun.javafx.tk.quantum.UploadingPainter.run()V+1342
j  java.util.concurrent.Executors$RunnableAdapter.call()Ljava/lang/Object;+4 java.base@11.0.11
j  java.util.concurrent.FutureTask.runAndReset()Z+44 java.base@11.0.11
j  com.sun.javafx.tk.RenderJob.run()V+5
j  java.util.concurrent.ThreadPoolExecutor.runWorker(Ljava/util/concurrent/ThreadPoolExecutor$Worker;)V+92 java.base@11.0.11
j  java.util.concurrent.ThreadPoolExecutor$Worker.run()V+5 java.base@11.0.11
j  com.sun.javafx.tk.quantum.QuantumRenderer$PipelineRunnable.run()V+17
j  java.lang.Thread.run()V+11 java.base@11.0.11
v  ~StubRoutines::call_stub

siginfo: EXCEPTION_ACCESS_VIOLATION (0xc0000005), reading address 0x00007fff63a9c7c0


Register to memory mapping:

RIP=0x00007fff44814879 javafx_font.dll
RAX=0x0000000000000001 is an unknown value
RBX=0x0 is NULL
RCX=0x00000257ad1deab0 points into unknown readable memory: 38 c7 a9 63 ff 7f 00 00
RDX=0x0000000000000100 is an unknown value
RSP=0x000000c2d5cfbf50 is pointing into the stack for thread: 0x00000257ce5b2000
RBP=0x000000c2d5cfc050 is pointing into the stack for thread: 0x00000257ce5b2000
RSI=0x0000000000000148 is an unknown value
RDI=0x0000000000000100 is an unknown value
R8 =0x0000000000000100 is an unknown value
R9 =0x000000c2d5cfbf88 is pointing into the stack for thread: 0x00000257ce5b2000
R10=0x00007fff63a9c738 is an unknown value
R11=0x00000257ad1deab0 points into unknown readable memory: 38 c7 a9 63 ff 7f 00 00
R12=0x0 is NULL
R13={method} {0x00000257d0fe91e8} 'CreateBitmap' '(JIIII)J' in 'com/sun/javafx/font/directwrite/OS'
R14=0x000000c2d5cfc098 is pointing into the stack for thread: 0x00000257ce5b2000
R15=0x00000257ce5b2000 is a thread


Registers:
RAX=0x0000000000000001, RBX=0x0000000000000000, RCX=0x00000257ad1deab0, RDX=0x0000000000000100
RSP=0x000000c2d5cfbf50, RBP=0x000000c2d5cfc050, RSI=0x0000000000000148, RDI=0x0000000000000100
R8 =0x0000000000000100, R9 =0x000000c2d5cfbf88, R10=0x00007fff63a9c738, R11=0x00000257ad1deab0
R12=0x0000000000000000, R13=0x00000257d0fe91e0, R14=0x000000c2d5cfc098, R15=0x00000257ce5b2000
RIP=0x00007fff44814879, EFLAGS=0x0000000000010206

Top of Stack: (sp=0x000000c2d5cfbf50)
0x000000c2d5cfbf50:   00000257d0fe91e0 00000257ce5b2000
0x000000c2d5cfbf60:   0000000000001aa0 0000000000000148
0x000000c2d5cfbf70:   0000025700000001 000000c2d5cfbf80
0x000000c2d5cfbf80:   0000000000000000 4bfe4e036fddc324
0x000000c2d5cfbf90:   10c98d76773d85b1 00002829432fd9d2
0x000000c2d5cfbfa0:   0000000000001aa0 00000257b765f2d7
0x000000c2d5cfbfb0:   00000257d0fe91e0 00000257ce5b2000
0x000000c2d5cfbfc0:   00000257d0fe91e0 00007ffef1cc15bf
0x000000c2d5cfbfd0:   0000000000000100 0000025700000008
0x000000c2d5cfbfe0:   0000025700000001 00000257d0fe91e0
0x000000c2d5cfbff0:   000000c2d5cfc050 0000000000000148
0x000000c2d5cfc000:   00000257b765ef76 000000c2d5cfc008
0x000000c2d5cfc010:   00000257d0fe91e0 000000c2d5cfc098
0x000000c2d5cfc020:   00000257d0fe9b90 0000000000000000
0x000000c2d5cfc030:   00000000e23a1a40 00000257d0fe91e0
0x000000c2d5cfc040:   0000000000000000 000000c2d5cfc070 

Instructions: (pc=0x00007fff44814879)
0x00007fff44814859:   84 24 80 00 00 00 4c 8d 4c 24 38 48 89 44 24 28
0x00007fff44814869:   8b d7 8b 84 24 90 00 00 00 49 8b cb 89 44 24 20
0x00007fff44814879:   41 ff 92 88 00 00 00 85 c0 48 0f 49 5c 24 30 48
0x00007fff44814889:   8b c3 48 8b 4c 24 48 48 33 cc e8 68 44 00 00 48 


Stack slot to memory mapping:
stack at sp + 0 slots: {method} {0x00000257d0fe91e8} 'CreateBitmap' '(JIIII)J' in 'com/sun/javafx/font/directwrite/OS'
stack at sp + 1 slots: 0x00000257ce5b2000 is a thread
stack at sp + 2 slots: 0x0000000000001aa0 is an unknown value
stack at sp + 3 slots: 0x0000000000000148 is an unknown value
stack at sp + 4 slots: 0x0000025700000001 is an unknown value
stack at sp + 5 slots: 0x000000c2d5cfbf80 is pointing into the stack for thread: 0x00000257ce5b2000
stack at sp + 6 slots: 0x0 is NULL
stack at sp + 7 slots: 0x4bfe4e036fddc324 is an unknown value


---------------  P R O C E S S  ---------------

Threads class SMR info:
_java_thread_list=0x00000257ce88a360, length=22, elements={
0x00000257af19a800, 0x00000257c9de1000, 0x00000257c9e0a800, 0x00000257c9e60000,
0x00000257c9e64000, 0x00000257c9e66000, 0x00000257c9e6e800, 0x00000257c9e77800,
0x00000257ca8ea800, 0x00000257cacac000, 0x00000257cc66f800, 0x00000257ce260000,
0x00000257cb931000, 0x00000257cb8b1000, 0x00000257cd391000, 0x00000257cd048800,
0x00000257ce5b2000, 0x00000257cd280000, 0x00000257ce683000, 0x00000257ce656000,
0x00000257ce42a800, 0x00000257ce42f000
}

Java Threads: ( => current thread )
  0x00000257af19a800 JavaThread "main" [_thread_blocked, id=3708, stack(0x000000c2d4100000,0x000000c2d4200000)]
  0x00000257c9de1000 JavaThread "Reference Handler" daemon [_thread_blocked, id=2036, stack(0x000000c2d4800000,0x000000c2d4900000)]
  0x00000257c9e0a800 JavaThread "Finalizer" daemon [_thread_blocked, id=13352, stack(0x000000c2d4900000,0x000000c2d4a00000)]
  0x00000257c9e60000 JavaThread "Signal Dispatcher" daemon [_thread_blocked, id=14460, stack(0x000000c2d4a00000,0x000000c2d4b00000)]
  0x00000257c9e64000 JavaThread "Attach Listener" daemon [_thread_blocked, id=15036, stack(0x000000c2d4b00000,0x000000c2d4c00000)]
  0x00000257c9e66000 JavaThread "C2 CompilerThread0" daemon [_thread_blocked, id=11484, stack(0x000000c2d4c00000,0x000000c2d4d00000)]
  0x00000257c9e6e800 JavaThread "C1 CompilerThread0" daemon [_thread_blocked, id=14688, stack(0x000000c2d4d00000,0x000000c2d4e00000)]
  0x00000257c9e77800 JavaThread "Sweeper thread" daemon [_thread_blocked, id=3212, stack(0x000000c2d4e00000,0x000000c2d4f00000)]
  0x00000257ca8ea800 JavaThread "Common-Cleaner" daemon [_thread_blocked, id=9476, stack(0x000000c2d4f00000,0x000000c2d5000000)]
  0x00000257cacac000 JavaThread "Service Thread" daemon [_thread_blocked, id=14996, stack(0x000000c2d5100000,0x000000c2d5200000)]
  0x00000257cc66f800 JavaThread "Test worker" [_thread_blocked, id=11248, stack(0x000000c2d5500000,0x000000c2d5600000)]
  0x00000257ce260000 JavaThread "/127.0.0.1:60975 to /127.0.0.1:60974 workers Thread 2" [_thread_blocked, id=11832, stack(0x000000c2d5600000,0x000000c2d5700000)]
  0x00000257cb931000 JavaThread "/127.0.0.1:60975 to /127.0.0.1:60974 workers Thread 3" [_thread_in_native, id=9304, stack(0x000000c2d5700000,0x000000c2d5800000)]
  0x00000257cb8b1000 JavaThread "C2 CompilerThread1" daemon [_thread_blocked, id=13040, stack(0x000000c2d5000000,0x000000c2d5100000)]
  0x00000257cd391000 JavaThread "testfx-async-pool-thread-1" daemon [_thread_blocked, id=12988, stack(0x000000c2d5a00000,0x000000c2d5b00000)]
  0x00000257cd048800 JavaThread "JavaFX-Launcher" daemon [_thread_blocked, id=10864, stack(0x000000c2d5b00000,0x000000c2d5c00000)]
=>0x00000257ce5b2000 JavaThread "QuantumRenderer-0" daemon [_thread_in_native, id=11384, stack(0x000000c2d5c00000,0x000000c2d5d00000)]
  0x00000257cd280000 JavaThread "JavaFX Application Thread" daemon [_thread_blocked, id=12728, stack(0x000000c2d5d00000,0x000000c2d5e00000)]
  0x00000257ce683000 JavaThread "Timer-0" daemon [_thread_blocked, id=3996, stack(0x000000c2d5e00000,0x000000c2d5f00000)]
  0x00000257ce656000 JavaThread "testfx-async-pool-thread-2" daemon [_thread_blocked, id=2276, stack(0x000000c2d5f00000,0x000000c2d6000000)]
  0x00000257ce42a800 JavaThread "Prism Font Disposer" daemon [_thread_blocked, id=10716, stack(0x000000c2d6000000,0x000000c2d6100000)]
  0x00000257ce42f000 JavaThread "Cleaner-0" daemon [_thread_blocked, id=14560, stack(0x000000c2d6100000,0x000000c2d6200000)]

Other Threads:
  0x00000257c9ddc000 VMThread "VM Thread" [stack: 0x000000c2d4700000,0x000000c2d4800000] [id=8856]
  0x00000257cad7f000 WatcherThread [stack: 0x000000c2d5200000,0x000000c2d5300000] [id=2740]
  0x00000257af1b2800 GCTaskThread "GC Thread#0" [stack: 0x000000c2d4200000,0x000000c2d4300000] [id=12576]
  0x00000257cac91000 GCTaskThread "GC Thread#1" [stack: 0x000000c2d5300000,0x000000c2d5400000] [id=8244]
  0x00000257cba27000 GCTaskThread "GC Thread#2" [stack: 0x000000c2d5800000,0x000000c2d5900000] [id=2640]
  0x00000257cc3f9800 GCTaskThread "GC Thread#3" [stack: 0x000000c2d5900000,0x000000c2d5a00000] [id=14248]
  0x00000257af1c3800 ConcurrentGCThread "G1 Main Marker" [stack: 0x000000c2d4300000,0x000000c2d4400000] [id=13220]
  0x00000257af1c7000 ConcurrentGCThread "G1 Conc#0" [stack: 0x000000c2d4400000,0x000000c2d4500000] [id=5372]
  0x00000257af234000 ConcurrentGCThread "G1 Refine#0" [stack: 0x000000c2d4500000,0x000000c2d4600000] [id=5176]
  0x00000257af235000 ConcurrentGCThread "G1 Young RemSet Sampling" [stack: 0x000000c2d4600000,0x000000c2d4700000] [id=3204]

Threads with active compile tasks:

VM state:not at safepoint (normal execution)

VM Mutex/Monitor currently owned by a thread: None

Heap address: 0x00000000e0000000, size: 512 MB, Compressed Oops mode: 32-bit
Narrow klass base: 0x0000000000000000, Narrow klass shift: 3
Compressed class space size: 1073741824 Address: 0x0000000100000000

Heap:
 garbage-first heap   total 98304K, used 48704K [0x00000000e0000000, 0x0000000100000000)
  region size 1024K, 24 young (24576K), 6 survivors (6144K)
 Metaspace       used 39706K, capacity 41231K, committed 41344K, reserved 1085440K
  class space    used 4773K, capacity 5432K, committed 5504K, reserved 1048576K
Heap Regions: E=young(eden), S=young(survivor), O=old, HS=humongous(starts), HC=humongous(continues), CS=collection set, F=free, A=archive, TAMS=top-at-mark-start (previous, next)
|   0|0x00000000e0000000, 0x00000000e0100000, 0x00000000e0100000|100%| O|  |TAMS 0x00000000e0100000, 0x00000000e0000000| Untracked 
|   1|0x00000000e0100000, 0x00000000e0200000, 0x00000000e0200000|100%| O|  |TAMS 0x00000000e0200000, 0x00000000e0100000| Untracked 
|   2|0x00000000e0200000, 0x00000000e0300000, 0x00000000e0300000|100%| O|  |TAMS 0x00000000e0300000, 0x00000000e0200000| Untracked 
|   3|0x00000000e0300000, 0x00000000e0400000, 0x00000000e0400000|100%| O|  |TAMS 0x00000000e0400000, 0x00000000e0300000| Untracked 
|   4|0x00000000e0400000, 0x00000000e0500000, 0x00000000e0500000|100%|HS|  |TAMS 0x00000000e0500000, 0x00000000e0400000| Complete 
|   5|0x00000000e0500000, 0x00000000e0600000, 0x00000000e0600000|100%|HC|  |TAMS 0x00000000e0600000, 0x00000000e0500000| Complete 
|   6|0x00000000e0600000, 0x00000000e0700000, 0x00000000e0700000|100%|HC|  |TAMS 0x00000000e0700000, 0x00000000e0600000| Complete 
|   7|0x00000000e0700000, 0x00000000e0800000, 0x00000000e0800000|100%|HC|  |TAMS 0x00000000e0800000, 0x00000000e0700000| Complete 
|   8|0x00000000e0800000, 0x00000000e0900000, 0x00000000e0900000|100%| O|  |TAMS 0x00000000e0900000, 0x00000000e0800000| Untracked 
|   9|0x00000000e0900000, 0x00000000e0a00000, 0x00000000e0a00000|100%| O|  |TAMS 0x00000000e0a00000, 0x00000000e0900000| Untracked 
|  10|0x00000000e0a00000, 0x00000000e0af4400, 0x00000000e0b00000| 95%| O|  |TAMS 0x00000000e0a6de00, 0x00000000e0a00000| Untracked 
|  11|0x00000000e0b00000, 0x00000000e0c00000, 0x00000000e0c00000|100%|HS|  |TAMS 0x00000000e0b00000, 0x00000000e0b00000| Complete 
|  12|0x00000000e0c00000, 0x00000000e0d00000, 0x00000000e0d00000|100%|HC|  |TAMS 0x00000000e0c00000, 0x00000000e0c00000| Complete 
|  13|0x00000000e0d00000, 0x00000000e0e00000, 0x00000000e0e00000|100%|HC|  |TAMS 0x00000000e0d00000, 0x00000000e0d00000| Complete 
|  14|0x00000000e0e00000, 0x00000000e0f00000, 0x00000000e0f00000|100%|HS|  |TAMS 0x00000000e0e00000, 0x00000000e0e00000| Complete 
|  15|0x00000000e0f00000, 0x00000000e1000000, 0x00000000e1000000|100%|HC|  |TAMS 0x00000000e0f00000, 0x00000000e0f00000| Complete 
|  16|0x00000000e1000000, 0x00000000e1100000, 0x00000000e1100000|100%|HC|  |TAMS 0x00000000e1000000, 0x00000000e1000000| Complete 
|  17|0x00000000e1100000, 0x00000000e1200000, 0x00000000e1200000|100%|HC|  |TAMS 0x00000000e1100000, 0x00000000e1100000| Complete 
|  18|0x00000000e1200000, 0x00000000e1300000, 0x00000000e1300000|100%|HC|  |TAMS 0x00000000e1200000, 0x00000000e1200000| Complete 
|  19|0x00000000e1300000, 0x00000000e1400000, 0x00000000e1400000|100%|HC|  |TAMS 0x00000000e1300000, 0x00000000e1300000| Complete 
|  20|0x00000000e1400000, 0x00000000e1500000, 0x00000000e1500000|100%|HC|  |TAMS 0x00000000e1400000, 0x00000000e1400000| Complete 
|  21|0x00000000e1500000, 0x00000000e1600000, 0x00000000e1600000|100%|HC|  |TAMS 0x00000000e1500000, 0x00000000e1500000| Complete 
|  22|0x00000000e1600000, 0x00000000e1700000, 0x00000000e1700000|100%|HC|  |TAMS 0x00000000e1600000, 0x00000000e1600000| Complete 
|  23|0x00000000e1700000, 0x00000000e1800000, 0x00000000e1800000|100%|HS|  |TAMS 0x00000000e1700000, 0x00000000e1700000| Complete 
|  24|0x00000000e1800000, 0x00000000e1900000, 0x00000000e1900000|100%|HC|  |TAMS 0x00000000e1800000, 0x00000000e1800000| Complete 
|  25|0x00000000e1900000, 0x00000000e1900000, 0x00000000e1a00000|  0%| F|  |TAMS 0x00000000e1900000, 0x00000000e1900000| Untracked 
|  26|0x00000000e1a00000, 0x00000000e1a00000, 0x00000000e1b00000|  0%| F|  |TAMS 0x00000000e1a00000, 0x00000000e1a00000| Untracked 
|  27|0x00000000e1b00000, 0x00000000e1b00000, 0x00000000e1c00000|  0%| F|  |TAMS 0x00000000e1b00000, 0x00000000e1b00000| Untracked 
|  28|0x00000000e1c00000, 0x00000000e1c00000, 0x00000000e1d00000|  0%| F|  |TAMS 0x00000000e1c00000, 0x00000000e1c00000| Untracked 
|  29|0x00000000e1d00000, 0x00000000e1d00000, 0x00000000e1e00000|  0%| F|  |TAMS 0x00000000e1d00000, 0x00000000e1d00000| Untracked 
|  30|0x00000000e1e00000, 0x00000000e1e00000, 0x00000000e1f00000|  0%| F|  |TAMS 0x00000000e1e00000, 0x00000000e1e00000| Untracked 
|  31|0x00000000e1f00000, 0x00000000e1f00000, 0x00000000e2000000|  0%| F|  |TAMS 0x00000000e1f00000, 0x00000000e1f00000| Untracked 
|  32|0x00000000e2000000, 0x00000000e2000000, 0x00000000e2100000|  0%| F|  |TAMS 0x00000000e2000000, 0x00000000e2000000| Untracked 
|  33|0x00000000e2100000, 0x00000000e219bf10, 0x00000000e2200000| 60%| S|CS|TAMS 0x00000000e2100000, 0x00000000e2100000| Complete 
|  34|0x00000000e2200000, 0x00000000e2300000, 0x00000000e2300000|100%| S|CS|TAMS 0x00000000e2200000, 0x00000000e2200000| Complete 
|  35|0x00000000e2300000, 0x00000000e2400000, 0x00000000e2400000|100%| S|CS|TAMS 0x00000000e2300000, 0x00000000e2300000| Complete 
|  36|0x00000000e2400000, 0x00000000e2500000, 0x00000000e2500000|100%| S|CS|TAMS 0x00000000e2400000, 0x00000000e2400000| Complete 
|  37|0x00000000e2500000, 0x00000000e2600000, 0x00000000e2600000|100%| S|CS|TAMS 0x00000000e2500000, 0x00000000e2500000| Complete 
|  38|0x00000000e2600000, 0x00000000e2700000, 0x00000000e2700000|100%| S|CS|TAMS 0x00000000e2600000, 0x00000000e2600000| Complete 
|  39|0x00000000e2700000, 0x00000000e2700000, 0x00000000e2800000|  0%| F|  |TAMS 0x00000000e2700000, 0x00000000e2700000| Untracked 
|  40|0x00000000e2800000, 0x00000000e2800000, 0x00000000e2900000|  0%| F|  |TAMS 0x00000000e2800000, 0x00000000e2800000| Untracked 
|  41|0x00000000e2900000, 0x00000000e2900000, 0x00000000e2a00000|  0%| F|  |TAMS 0x00000000e2900000, 0x00000000e2900000| Untracked 
|  42|0x00000000e2a00000, 0x00000000e2a00000, 0x00000000e2b00000|  0%| F|  |TAMS 0x00000000e2a00000, 0x00000000e2a00000| Untracked 
|  43|0x00000000e2b00000, 0x00000000e2b00000, 0x00000000e2c00000|  0%| F|  |TAMS 0x00000000e2b00000, 0x00000000e2b00000| Untracked 
|  44|0x00000000e2c00000, 0x00000000e2c00000, 0x00000000e2d00000|  0%| F|  |TAMS 0x00000000e2c00000, 0x00000000e2c00000| Untracked 
|  45|0x00000000e2d00000, 0x00000000e2d00000, 0x00000000e2e00000|  0%| F|  |TAMS 0x00000000e2d00000, 0x00000000e2d00000| Untracked 
|  46|0x00000000e2e00000, 0x00000000e2e00000, 0x00000000e2f00000|  0%| F|  |TAMS 0x00000000e2e00000, 0x00000000e2e00000| Untracked 
|  47|0x00000000e2f00000, 0x00000000e2f00000, 0x00000000e3000000|  0%| F|  |TAMS 0x00000000e2f00000, 0x00000000e2f00000| Untracked 
|  48|0x00000000e3000000, 0x00000000e3000000, 0x00000000e3100000|  0%| F|  |TAMS 0x00000000e3000000, 0x00000000e3000000| Untracked 
|  49|0x00000000e3100000, 0x00000000e3100000, 0x00000000e3200000|  0%| F|  |TAMS 0x00000000e3100000, 0x00000000e3100000| Untracked 
|  50|0x00000000e3200000, 0x00000000e3200000, 0x00000000e3300000|  0%| F|  |TAMS 0x00000000e3200000, 0x00000000e3200000| Untracked 
|  51|0x00000000e3300000, 0x00000000e3300000, 0x00000000e3400000|  0%| F|  |TAMS 0x00000000e3300000, 0x00000000e3300000| Untracked 
|  52|0x00000000e3400000, 0x00000000e3400000, 0x00000000e3500000|  0%| F|  |TAMS 0x00000000e3400000, 0x00000000e3400000| Untracked 
|  53|0x00000000e3500000, 0x00000000e3500000, 0x00000000e3600000|  0%| F|  |TAMS 0x00000000e3500000, 0x00000000e3500000| Untracked 
|  54|0x00000000e3600000, 0x00000000e3600000, 0x00000000e3700000|  0%| F|  |TAMS 0x00000000e3600000, 0x00000000e3600000| Untracked 
|  55|0x00000000e3700000, 0x00000000e3700000, 0x00000000e3800000|  0%| F|  |TAMS 0x00000000e3700000, 0x00000000e3700000| Untracked 
|  56|0x00000000e3800000, 0x00000000e3800000, 0x00000000e3900000|  0%| F|  |TAMS 0x00000000e3800000, 0x00000000e3800000| Untracked 
|  57|0x00000000e3900000, 0x00000000e3900000, 0x00000000e3a00000|  0%| F|  |TAMS 0x00000000e3900000, 0x00000000e3900000| Untracked 
|  58|0x00000000e3a00000, 0x00000000e3a00000, 0x00000000e3b00000|  0%| F|  |TAMS 0x00000000e3a00000, 0x00000000e3a00000| Untracked 
|  59|0x00000000e3b00000, 0x00000000e3b00000, 0x00000000e3c00000|  0%| F|  |TAMS 0x00000000e3b00000, 0x00000000e3b00000| Untracked 
|  60|0x00000000e3c00000, 0x00000000e3c00000, 0x00000000e3d00000|  0%| F|  |TAMS 0x00000000e3c00000, 0x00000000e3c00000| Untracked 
|  61|0x00000000e3d00000, 0x00000000e3d00000, 0x00000000e3e00000|  0%| F|  |TAMS 0x00000000e3d00000, 0x00000000e3d00000| Untracked 
|  62|0x00000000e3e00000, 0x00000000e3e00000, 0x00000000e3f00000|  0%| F|  |TAMS 0x00000000e3e00000, 0x00000000e3e00000| Untracked 
|  63|0x00000000e3f00000, 0x00000000e3f00000, 0x00000000e4000000|  0%| F|  |TAMS 0x00000000e3f00000, 0x00000000e3f00000| Untracked 
|  64|0x00000000e4000000, 0x00000000e4000000, 0x00000000e4100000|  0%| F|  |TAMS 0x00000000e4000000, 0x00000000e4000000| Untracked 
|  65|0x00000000e4100000, 0x00000000e4100000, 0x00000000e4200000|  0%| F|  |TAMS 0x00000000e4100000, 0x00000000e4100000| Untracked 
|  66|0x00000000e4200000, 0x00000000e4200000, 0x00000000e4300000|  0%| F|  |TAMS 0x00000000e4200000, 0x00000000e4200000| Untracked 
|  67|0x00000000e4300000, 0x00000000e4300000, 0x00000000e4400000|  0%| F|  |TAMS 0x00000000e4300000, 0x00000000e4300000| Untracked 
|  68|0x00000000e4400000, 0x00000000e4400000, 0x00000000e4500000|  0%| F|  |TAMS 0x00000000e4400000, 0x00000000e4400000| Untracked 
|  69|0x00000000e4500000, 0x00000000e4500000, 0x00000000e4600000|  0%| F|  |TAMS 0x00000000e4500000, 0x00000000e4500000| Untracked 
|  70|0x00000000e4600000, 0x00000000e4600000, 0x00000000e4700000|  0%| F|  |TAMS 0x00000000e4600000, 0x00000000e4600000| Untracked 
|  71|0x00000000e4700000, 0x00000000e4700000, 0x00000000e4800000|  0%| F|  |TAMS 0x00000000e4700000, 0x00000000e4700000| Untracked 
|  72|0x00000000e4800000, 0x00000000e4800000, 0x00000000e4900000|  0%| F|  |TAMS 0x00000000e4800000, 0x00000000e4800000| Untracked 
|  73|0x00000000e4900000, 0x00000000e4900000, 0x00000000e4a00000|  0%| F|  |TAMS 0x00000000e4900000, 0x00000000e4900000| Untracked 
|  74|0x00000000e4a00000, 0x00000000e4a00000, 0x00000000e4b00000|  0%| F|  |TAMS 0x00000000e4a00000, 0x00000000e4a00000| Untracked 
|  75|0x00000000e4b00000, 0x00000000e4b00000, 0x00000000e4c00000|  0%| F|  |TAMS 0x00000000e4b00000, 0x00000000e4b00000| Untracked 
|  76|0x00000000e4c00000, 0x00000000e4c00000, 0x00000000e4d00000|  0%| F|  |TAMS 0x00000000e4c00000, 0x00000000e4c00000| Untracked 
|  77|0x00000000e4d00000, 0x00000000e4d00000, 0x00000000e4e00000|  0%| F|  |TAMS 0x00000000e4d00000, 0x00000000e4d00000| Untracked 
|  78|0x00000000e4e00000, 0x00000000e4ec9298, 0x00000000e4f00000| 78%| E|  |TAMS 0x00000000e4e00000, 0x00000000e4e00000| Complete 
|  79|0x00000000e4f00000, 0x00000000e5000000, 0x00000000e5000000|100%| E|CS|TAMS 0x00000000e4f00000, 0x00000000e4f00000| Complete 
|  80|0x00000000e5000000, 0x00000000e5100000, 0x00000000e5100000|100%| E|CS|TAMS 0x00000000e5000000, 0x00000000e5000000| Complete 
|  81|0x00000000e5100000, 0x00000000e5200000, 0x00000000e5200000|100%| E|CS|TAMS 0x00000000e5100000, 0x00000000e5100000| Complete 
|  82|0x00000000e5200000, 0x00000000e5300000, 0x00000000e5300000|100%| E|CS|TAMS 0x00000000e5200000, 0x00000000e5200000| Complete 
|  83|0x00000000e5300000, 0x00000000e5400000, 0x00000000e5400000|100%| E|CS|TAMS 0x00000000e5300000, 0x00000000e5300000| Complete 
|  84|0x00000000e5400000, 0x00000000e5500000, 0x00000000e5500000|100%| E|CS|TAMS 0x00000000e5400000, 0x00000000e5400000| Complete 
|  85|0x00000000e5500000, 0x00000000e5600000, 0x00000000e5600000|100%| E|CS|TAMS 0x00000000e5500000, 0x00000000e5500000| Complete 
|  86|0x00000000e5600000, 0x00000000e5700000, 0x00000000e5700000|100%| E|CS|TAMS 0x00000000e5600000, 0x00000000e5600000| Complete 
|  87|0x00000000e5700000, 0x00000000e5800000, 0x00000000e5800000|100%| E|CS|TAMS 0x00000000e5700000, 0x00000000e5700000| Complete 
|  88|0x00000000e5800000, 0x00000000e5900000, 0x00000000e5900000|100%| E|CS|TAMS 0x00000000e5800000, 0x00000000e5800000| Complete 
|  89|0x00000000e5900000, 0x00000000e5a00000, 0x00000000e5a00000|100%| E|CS|TAMS 0x00000000e5900000, 0x00000000e5900000| Complete 
|  90|0x00000000e5a00000, 0x00000000e5b00000, 0x00000000e5b00000|100%| E|CS|TAMS 0x00000000e5a00000, 0x00000000e5a00000| Complete 
|  91|0x00000000e5b00000, 0x00000000e5c00000, 0x00000000e5c00000|100%| E|CS|TAMS 0x00000000e5b00000, 0x00000000e5b00000| Complete 
|  92|0x00000000e5c00000, 0x00000000e5d00000, 0x00000000e5d00000|100%| E|CS|TAMS 0x00000000e5c00000, 0x00000000e5c00000| Complete 
|  93|0x00000000e5d00000, 0x00000000e5e00000, 0x00000000e5e00000|100%| E|CS|TAMS 0x00000000e5d00000, 0x00000000e5d00000| Complete 
|  94|0x00000000e5e00000, 0x00000000e5f00000, 0x00000000e5f00000|100%| E|CS|TAMS 0x00000000e5e00000, 0x00000000e5e00000| Complete 
|  95|0x00000000e5f00000, 0x00000000e6000000, 0x00000000e6000000|100%| E|CS|TAMS 0x00000000e5f00000, 0x00000000e5f00000| Complete 

Card table byte_map: [0x00000257c6650000,0x00000257c6750000] _byte_map_base: 0x00000257c5f50000

Marking Bits (Prev, Next): (CMBitMap*) 0x00000257af1c09f8, (CMBitMap*) 0x00000257af1c0a30
 Prev Bits: [0x00000257c6850000, 0x00000257c7050000)
 Next Bits: [0x00000257c7050000, 0x00000257c7850000)

Polling page: 0x00000257ad120000

Metaspace:

Usage:
  Non-class:     34.96 MB capacity,    34.11 MB ( 98%) used,   693.38 KB (  2%) free+waste,   172.31 KB ( <1%) overhead. 
      Class:      5.30 MB capacity,     4.66 MB ( 88%) used,   573.00 KB ( 11%) free+waste,    85.94 KB (  2%) overhead. 
       Both:     40.26 MB capacity,    38.78 MB ( 96%) used,     1.24 MB (  3%) free+waste,   258.25 KB ( <1%) overhead. 

Virtual space:
  Non-class space:       36.00 MB reserved,      35.00 MB ( 97%) committed 
      Class space:        1.00 GB reserved,       5.38 MB ( <1%) committed 
             Both:        1.04 GB reserved,      40.38 MB (  4%) committed 

Chunk freelists:
   Non-Class:  5.13 KB
       Class:  1.00 KB
        Both:  6.13 KB

CodeHeap 'non-profiled nmethods': size=120064Kb used=2625Kb max_used=2625Kb free=117438Kb
 bounds [0x00000257bf110000, 0x00000257bf3b0000, 0x00000257c6650000]
CodeHeap 'profiled nmethods': size=120000Kb used=9525Kb max_used=9525Kb free=110475Kb
 bounds [0x00000257b7be0000, 0x00000257b8530000, 0x00000257bf110000]
CodeHeap 'non-nmethods': size=5696Kb used=1325Kb max_used=1362Kb free=4370Kb
 bounds [0x00000257b7650000, 0x00000257b78c0000, 0x00000257b7be0000]
 total_blobs=4822 nmethods=4068 adapters=665
 compilation: enabled
              stopped_count=0, restarted_count=0
 full_count=0

Compilation events (10 events):
Event: 6.626 Thread 0x00000257c9e6e800 nmethod 4079 0x00000257b8529f90 code [0x00000257b852a140, 0x00000257b852a2a8]
Event: 6.626 Thread 0x00000257c9e6e800 4080       3       com.sun.prism.sw.SWPaint::$jacocoInit (54 bytes)
Event: 6.626 Thread 0x00000257c9e6e800 nmethod 4080 0x00000257b852a390 code [0x00000257b852a5c0, 0x00000257b852b058]
Event: 6.626 Thread 0x00000257c9e6e800 4083       3       com.sun.javafx.geom.transform.Affine2D::$jacocoInit (54 bytes)
Event: 6.627 Thread 0x00000257c9e6e800 nmethod 4083 0x00000257b852b310 code [0x00000257b852b540, 0x00000257b852bfd8]
Event: 6.627 Thread 0x00000257c9e6e800 4082       3       com.sun.prism.sw.SWTexture::$jacocoInit (53 bytes)
Event: 6.627 Thread 0x00000257c9e66000 nmethod 4081 0x00000257bf3a0190 code [0x00000257bf3a0320, 0x00000257bf3a0418]
Event: 6.627 Thread 0x00000257c9e6e800 nmethod 4082 0x00000257b852c290 code [0x00000257b852c4a0, 0x00000257b852cdd8]
Event: 6.627 Thread 0x00000257c9e6e800 4084       3       com.sun.javafx.geom.transform.Translate2D::getMxt (14 bytes)
Event: 6.627 Thread 0x00000257c9e6e800 nmethod 4084 0x00000257b852d010 code [0x00000257b852d1c0, 0x00000257b852d328]

GC Heap History (10 events):
Event: 4.799 GC heap before
{Heap before GC invocations=6 (full 0):
 garbage-first heap   total 98304K, used 65407K [0x00000000e0000000, 0x0000000100000000)
  region size 1024K, 57 young (58368K), 5 survivors (5120K)
 Metaspace       used 26758K, capacity 27486K, committed 27776K, reserved 1073152K
  class space    used 2797K, capacity 3099K, committed 3200K, reserved 1048576K
}
Event: 4.802 GC heap after
{Heap after GC invocations=7 (full 0):
 garbage-first heap   total 98304K, used 12605K [0x00000000e0000000, 0x0000000100000000)
  region size 1024K, 5 young (5120K), 5 survivors (5120K)
 Metaspace       used 26758K, capacity 27486K, committed 27776K, reserved 1073152K
  class space    used 2797K, capacity 3099K, committed 3200K, reserved 1048576K
}
Event: 5.166 GC heap before
{Heap before GC invocations=7 (full 0):
 garbage-first heap   total 98304K, used 65853K [0x00000000e0000000, 0x0000000100000000)
  region size 1024K, 57 young (58368K), 5 survivors (5120K)
 Metaspace       used 29162K, capacity 30052K, committed 30208K, reserved 1075200K
  class space    used 3158K, capacity 3511K, committed 3584K, reserved 1048576K
}
Event: 5.171 GC heap after
{Heap after GC invocations=8 (full 0):
 garbage-first heap   total 98304K, used 13286K [0x00000000e0000000, 0x0000000100000000)
  region size 1024K, 3 young (3072K), 3 survivors (3072K)
 Metaspace       used 29162K, capacity 30052K, committed 30208K, reserved 1075200K
  class space    used 3158K, capacity 3511K, committed 3584K, reserved 1048576K
}
Event: 5.538 GC heap before
{Heap before GC invocations=8 (full 0):
 garbage-first heap   total 98304K, used 68582K [0x00000000e0000000, 0x0000000100000000)
  region size 1024K, 57 young (58368K), 3 survivors (3072K)
 Metaspace       used 32059K, capacity 33000K, committed 33152K, reserved 1079296K
  class space    used 3585K, capacity 3952K, committed 3968K, reserved 1048576K
}
Event: 5.542 GC heap after
{Heap after GC invocations=9 (full 0):
 garbage-first heap   total 98304K, used 14763K [0x00000000e0000000, 0x0000000100000000)
  region size 1024K, 5 young (5120K), 5 survivors (5120K)
 Metaspace       used 32059K, capacity 33000K, committed 33152K, reserved 1079296K
  class space    used 3585K, capacity 3952K, committed 3968K, reserved 1048576K
}
Event: 5.881 GC heap before
{Heap before GC invocations=9 (full 0):
 garbage-first heap   total 98304K, used 56747K [0x00000000e0000000, 0x0000000100000000)
  region size 1024K, 47 young (48128K), 5 survivors (5120K)
 Metaspace       used 34713K, capacity 35770K, committed 35840K, reserved 1081344K
  class space    used 3980K, capacity 4410K, committed 4480K, reserved 1048576K
}
Event: 5.886 GC heap after
{Heap after GC invocations=10 (full 0):
 garbage-first heap   total 98304K, used 15161K [0x00000000e0000000, 0x0000000100000000)
  region size 1024K, 5 young (5120K), 5 survivors (5120K)
 Metaspace       used 34713K, capacity 35770K, committed 35840K, reserved 1081344K
  class space    used 3980K, capacity 4410K, committed 4480K, reserved 1048576K
}
Event: 6.470 GC heap before
{Heap before GC invocations=11 (full 0):
 garbage-first heap   total 98304K, used 68409K [0x00000000e0000000, 0x0000000100000000)
  region size 1024K, 57 young (58368K), 5 survivors (5120K)
 Metaspace       used 38726K, capacity 40241K, committed 40448K, reserved 1085440K
  class space    used 4685K, capacity 5314K, committed 5376K, reserved 1048576K
}
Event: 6.475 GC heap after
{Heap after GC invocations=12 (full 0):
 garbage-first heap   total 98304K, used 16960K [0x00000000e0000000, 0x0000000100000000)
  region size 1024K, 6 young (6144K), 6 survivors (6144K)
 Metaspace       used 38726K, capacity 40241K, committed 40448K, reserved 1085440K
  class space    used 4685K, capacity 5314K, committed 5376K, reserved 1048576K
}

Deoptimization events (10 events):
Event: 5.732 Thread 0x00000257cd280000 Uncommon trap: reason=class_check action=maybe_recompile pc=0x00000257bf33b6d4 method=com.sun.javafx.css.BitSet.containsAll(Ljava/util/Collection;)Z @ 40 c2
Event: 5.734 Thread 0x00000257cd280000 Uncommon trap: reason=class_check action=maybe_recompile pc=0x00000257bf11aedc method=java.lang.String.equals(Ljava/lang/Object;)Z @ 8 c2
Event: 5.873 Thread 0x00000257cd280000 Uncommon trap: reason=unstable_if action=reinterpret pc=0x00000257bf3173b0 method=java.lang.ClassLoader.checkName(Ljava/lang/String;)Z @ 20 c2
Event: 6.031 Thread 0x00000257cd280000 Uncommon trap: reason=unstable_if action=reinterpret pc=0x00000257bf34aef8 method=java.net.URL.<init>(Ljava/net/URL;Ljava/lang/String;Ljava/net/URLStreamHandler;)V @ 347 c2
Event: 6.116 Thread 0x00000257cd280000 Uncommon trap: reason=array_check action=maybe_recompile pc=0x00000257bf35ebc0 method=javafx.css.SimpleSelector.applies(Ljavafx/css/Styleable;[Ljava/util/Set;I)Z @ 84 c2
Event: 6.116 Thread 0x00000257cd280000 Uncommon trap: reason=array_check action=maybe_recompile pc=0x00000257bf35ebc0 method=javafx.css.SimpleSelector.applies(Ljavafx/css/Styleable;[Ljava/util/Set;I)Z @ 84 c2
Event: 6.116 Thread 0x00000257cd280000 Uncommon trap: reason=array_check action=maybe_recompile pc=0x00000257bf35ebc0 method=javafx.css.SimpleSelector.applies(Ljavafx/css/Styleable;[Ljava/util/Set;I)Z @ 84 c2
Event: 6.121 Thread 0x00000257cd280000 Uncommon trap: reason=array_check action=maybe_recompile pc=0x00000257bf35ebc0 method=javafx.css.SimpleSelector.applies(Ljavafx/css/Styleable;[Ljava/util/Set;I)Z @ 84 c2
Event: 6.528 Thread 0x00000257ce5b2000 Uncommon trap: reason=unstable_if action=reinterpret pc=0x00000257bf344694 method=org.jacoco.agent.rt.internal_3570298.asm.MethodVisitor.visitIntInsn(II)V @ 4 c2
Event: 6.626 Thread 0x00000257ce5b2000 Uncommon trap: reason=class_check action=maybe_recompile pc=0x00000257bf2dd0b4 method=java.util.concurrent.ConcurrentHashMap.putVal(Ljava/lang/Object;Ljava/lang/Object;Z)Ljava/lang/Object; @ 242 c2

Classes redefined (0 events):
No events

Internal exceptions (10 events):
Event: 5.207 Thread 0x00000257ce656000 Exception <a 'java/lang/NoSuchMethodError'{0x00000000e5cfbb40}: java.lang.invoke.Invokers$Holder.linkToTargetMethod(Ljava/lang/Object;ILjava/lang/Object;)Ljava/lang/Object;> (0x00000000e5cfbb40) thrown at [./open/src/hotspot/share/interpreter/linkResolver
Event: 5.313 Thread 0x00000257ce656000 Exception <a 'java/lang/NoSuchMethodError'{0x00000000e4c6b5e0}: java.lang.invoke.DirectMethodHandle$Holder.invokeStatic(Ljava/lang/Object;Ljava/lang/Object;Ljava/lang/Object;Ljava/lang/Object;Ljava/lang/Object;Ljava/lang/Object;Ljava/lang/Object;Ljava/lan
Event: 5.313 Thread 0x00000257ce656000 Exception <a 'java/lang/NoSuchMethodError'{0x00000000e4c700a8}: java.lang.invoke.DirectMethodHandle$Holder.invokeSpecial(Ljava/lang/Object;Ljava/lang/Object;Ljava/lang/Object;Ljava/lang/Object;Ljava/lang/Object;Ljava/lang/Object;Ljava/lang/Object;Ljava/la
Event: 5.315 Thread 0x00000257ce656000 Exception <a 'java/lang/NoSuchMethodError'{0x00000000e4c7faf8}: java.lang.invoke.DirectMethodHandle$Holder.invokeStatic(Ljava/lang/Object;Ljava/lang/Object;ILjava/lang/Object;)Ljava/lang/Object;> (0x00000000e4c7faf8) thrown at [./open/src/hotspot/share/in
Event: 5.315 Thread 0x00000257ce656000 Exception <a 'java/lang/NoSuchMethodError'{0x00000000e4b48c18}: java.lang.invoke.Invokers$Holder.linkToTargetMethod(Ljava/lang/Object;ILjava/lang/Object;Ljava/lang/Object;)Ljava/lang/Object;> (0x00000000e4b48c18) thrown at [./open/src/hotspot/share/interp
Event: 5.765 Thread 0x00000257cd280000 Exception <a 'java/lang/NoSuchMethodError'{0x00000000e43b8818}: java.lang.invoke.DirectMethodHandle$Holder.invokeInterface(Ljava/lang/Object;Ljava/lang/Object;Ljava/lang/Object;)Ljava/lang/Object;> (0x00000000e43b8818) thrown at [./open/src/hotspot/share/
Event: 5.766 Thread 0x00000257cd280000 Exception <a 'java/lang/IncompatibleClassChangeError'{0x00000000e43bb7a0}: Found class java.lang.Object, but interface was expected> (0x00000000e43bb7a0) thrown at [./open/src/hotspot/share/interpreter/linkResolver.cpp, line 838]
Event: 5.856 Thread 0x00000257cd280000 Exception <a 'java/lang/NoSuchMethodError'{0x00000000e3a701c0}: java.lang.invoke.DirectMethodHandle$Holder.invokeSpecialIFC(Ljava/lang/Object;Ljava/lang/Object;Ljava/lang/Object;Ljava/lang/Object;)V> (0x00000000e3a701c0) thrown at [./open/src/hotspot/shar
Event: 6.124 Thread 0x00000257cd280000 Exception <a 'java/lang/NoSuchMethodError'{0x00000000e4a66b88}: java.lang.invoke.DirectMethodHandle$Holder.invokeSpecial(Ljava/lang/Object;Ljava/lang/Object;Ljava/lang/Object;Ljava/lang/Object;Ljava/lang/Object;Ljava/lang/Object;)V> (0x00000000e4a66b88) t
Event: 6.420 Thread 0x00000257cc66f800 Exception <a 'java/lang/NoSuchMethodError'{0x00000000e2a029b0}: java.lang.invoke.DirectMethodHandle$Holder.invokeVirtual(Ljava/lang/Object;Ljava/lang/Object;)V> (0x00000000e2a029b0) thrown at [./open/src/hotspot/share/interpreter/linkResolver.cpp, line 77

Events (10 events):
Event: 6.617 loading class com/sun/scenario/effect/impl/ImagePool$1 done
Event: 6.619 loading class com/sun/scenario/effect/ImageData$1
Event: 6.619 loading class com/sun/scenario/effect/ImageData$1 done
Event: 6.620 loading class com/sun/javafx/geom/transform/Affine3D$1
Event: 6.620 loading class com/sun/javafx/geom/transform/Affine3D$1 done
Event: 6.626 Thread 0x00000257ce5b2000 Uncommon trap: trap_request=0xffffffde fr.pc=0x00000257bf2dd0b4 relative=0x0000000000001094
Event: 6.626 Thread 0x00000257ce5b2000 DEOPT PACKING pc=0x00000257bf2dd0b4 sp=0x000000c2d5cfc130
Event: 6.626 Thread 0x00000257ce5b2000 DEOPT UNPACKING pc=0x00000257b767662f sp=0x000000c2d5cfc0b0 mode 2
Event: 6.631 loading class com/sun/javafx/font/directwrite/IWICImagingFactory
Event: 6.631 loading class com/sun/javafx/font/directwrite/IWICImagingFactory done


Dynamic libraries:
0x00007ff776c20000 - 0x00007ff776c2f000 	C:\Program Files\Java\jdk-11.0.11\bin\java.exe
0x00007fff6c3b0000 - 0x00007fff6c5a5000 	C:\WINDOWS\SYSTEM32\ntdll.dll
0x00007fff6b210000 - 0x00007fff6b2ce000 	C:\WINDOWS\System32\KERNEL32.DLL
0x00007fff69e40000 - 0x00007fff6a108000 	C:\WINDOWS\System32\KERNELBASE.dll
0x00007fff69cb0000 - 0x00007fff69db0000 	C:\WINDOWS\System32\ucrtbase.dll
0x00007fff4c480000 - 0x00007fff4c495000 	C:\Program Files\Java\jdk-11.0.11\bin\VCRUNTIME140.dll
0x00007fff653c0000 - 0x00007fff653d8000 	C:\Program Files\Java\jdk-11.0.11\bin\jli.dll
0x00007fff6b900000 - 0x00007fff6b9ac000 	C:\WINDOWS\System32\ADVAPI32.dll
0x00007fff6a400000 - 0x00007fff6a49e000 	C:\WINDOWS\System32\msvcrt.dll
0x00007fff6a8e0000 - 0x00007fff6a97b000 	C:\WINDOWS\System32\sechost.dll
0x00007fff6b2d0000 - 0x00007fff6b3fa000 	C:\WINDOWS\System32\RPCRT4.dll
0x00007fff6a560000 - 0x00007fff6a701000 	C:\WINDOWS\System32\USER32.dll
0x00007fff69ad0000 - 0x00007fff69af2000 	C:\WINDOWS\System32\win32u.dll
0x00007fff572c0000 - 0x00007fff5755a000 	C:\WINDOWS\WinSxS\amd64_microsoft.windows.common-controls_6595b64144ccf1df_6.0.19041.1110_none_60b5254171f9507e\COMCTL32.dll
0x00007fff6b1d0000 - 0x00007fff6b1fb000 	C:\WINDOWS\System32\GDI32.dll
0x00007fff69ba0000 - 0x00007fff69cab000 	C:\WINDOWS\System32\gdi32full.dll
0x00007fff69b00000 - 0x00007fff69b9d000 	C:\WINDOWS\System32\msvcp_win.dll
0x00007fff688b0000 - 0x00007fff688ba000 	C:\WINDOWS\SYSTEM32\VERSION.dll
0x00007fff6b120000 - 0x00007fff6b150000 	C:\WINDOWS\System32\IMM32.DLL
0x00007fff2fff0000 - 0x00007fff3008b000 	C:\Program Files\Java\jdk-11.0.11\bin\msvcp140.dll
0x00007ffef16f0000 - 0x00007ffef21ee000 	C:\Program Files\Java\jdk-11.0.11\bin\server\jvm.dll
0x00007fff6b200000 - 0x00007fff6b208000 	C:\WINDOWS\System32\PSAPI.DLL
0x00007fff65640000 - 0x00007fff65649000 	C:\WINDOWS\SYSTEM32\WSOCK32.dll
0x00007fff6b460000 - 0x00007fff6b4cb000 	C:\WINDOWS\System32\WS2_32.dll
0x00007fff61520000 - 0x00007fff61547000 	C:\WINDOWS\SYSTEM32\WINMM.dll
0x00007fff68870000 - 0x00007fff68882000 	C:\WINDOWS\SYSTEM32\kernel.appcore.dll
0x00007fff65630000 - 0x00007fff65640000 	C:\Program Files\Java\jdk-11.0.11\bin\verify.dll
0x00007fff59070000 - 0x00007fff59254000 	C:\WINDOWS\SYSTEM32\DBGHELP.DLL
0x00007fff53a40000 - 0x00007fff53a6c000 	C:\WINDOWS\SYSTEM32\dbgcore.DLL
0x00007fff6a110000 - 0x00007fff6a193000 	C:\WINDOWS\System32\bcryptPrimitives.dll
0x00007fff4c3e0000 - 0x00007fff4c408000 	C:\Program Files\Java\jdk-11.0.11\bin\java.dll
0x00007fff654e0000 - 0x00007fff654ea000 	C:\Program Files\Java\jdk-11.0.11\bin\jimage.dll
0x00007fff51a20000 - 0x00007fff51a2e000 	C:\Program Files\Java\jdk-11.0.11\bin\instrument.dll
0x00007fff65480000 - 0x00007fff65496000 	C:\Program Files\Java\jdk-11.0.11\bin\zip.dll
0x00007fff6a980000 - 0x00007fff6b0bf000 	C:\WINDOWS\System32\SHELL32.dll
0x00007fff67a10000 - 0x00007fff681a0000 	C:\WINDOWS\SYSTEM32\windows.storage.dll
0x00007fff6b5a0000 - 0x00007fff6b8f5000 	C:\WINDOWS\System32\combase.dll
0x00007fff69450000 - 0x00007fff6947e000 	C:\WINDOWS\SYSTEM32\Wldp.dll
0x00007fff6b4d0000 - 0x00007fff6b57d000 	C:\WINDOWS\System32\SHCORE.dll
0x00007fff6a720000 - 0x00007fff6a775000 	C:\WINDOWS\System32\shlwapi.dll
0x00007fff69a10000 - 0x00007fff69a2f000 	C:\WINDOWS\SYSTEM32\profapi.dll
0x00007fff4bb20000 - 0x00007fff4bb39000 	C:\Program Files\Java\jdk-11.0.11\bin\net.dll
0x00007fff59c70000 - 0x00007fff59d7c000 	C:\WINDOWS\SYSTEM32\WINHTTP.dll
0x00007fff691b0000 - 0x00007fff6921a000 	C:\WINDOWS\system32\mswsock.dll
0x00007fff48830000 - 0x00007fff48842000 	C:\Program Files\Java\jdk-11.0.11\bin\nio.dll
0x00007fff33d90000 - 0x00007fff33da7000 	C:\WINDOWS\system32\napinsp.dll
0x00007fff33d70000 - 0x00007fff33d8b000 	C:\WINDOWS\system32\pnrpnsp.dll
0x00007fff64970000 - 0x00007fff64985000 	C:\WINDOWS\system32\wshbth.dll
0x00007fff65380000 - 0x00007fff6539d000 	C:\WINDOWS\system32\NLAapi.dll
0x00007fff68ea0000 - 0x00007fff68edb000 	C:\WINDOWS\SYSTEM32\IPHLPAPI.DLL
0x00007fff68ee0000 - 0x00007fff68fab000 	C:\WINDOWS\SYSTEM32\DNSAPI.dll
0x00007fff6a550000 - 0x00007fff6a558000 	C:\WINDOWS\System32\NSI.dll
0x00007fff33d50000 - 0x00007fff33d62000 	C:\WINDOWS\System32\winrnr.dll
0x00007fff57580000 - 0x00007fff5758a000 	C:\Windows\System32\rasadhlp.dll
0x00007fff57680000 - 0x00007fff576ff000 	C:\WINDOWS\System32\fwpuclnt.dll
0x00007fff69e10000 - 0x00007fff69e37000 	C:\WINDOWS\System32\bcrypt.dll
0x00007fff693a0000 - 0x00007fff693b8000 	C:\WINDOWS\SYSTEM32\CRYPTSP.dll
0x00007fff68b30000 - 0x00007fff68b64000 	C:\WINDOWS\system32\rsaenh.dll
0x00007fff69990000 - 0x00007fff699be000 	C:\WINDOWS\SYSTEM32\USERENV.dll
0x00007fff693c0000 - 0x00007fff693cc000 	C:\WINDOWS\SYSTEM32\CRYPTBASE.dll
0x00007fff61500000 - 0x00007fff61517000 	C:\WINDOWS\SYSTEM32\dhcpcsvc6.DLL
0x00007fff62eb0000 - 0x00007fff62ecd000 	C:\WINDOWS\SYSTEM32\dhcpcsvc.DLL
0x0000000070bc0000 - 0x0000000070c9c000 	C:\Users\tomit\AppData\Local\Temp\sqlite-3.36.0.3-0e4ec9e4-41f4-4ac4-968b-f985db76eb60-sqlitejdbc.dll
0x00000257ad180000 - 0x00000257ad183000 	C:\Program Files\Java\jdk-11.0.11\bin\api-ms-win-core-console-l1-1-0.dll
0x00000257ad190000 - 0x00000257ad193000 	C:\Program Files\Java\jdk-11.0.11\bin\api-ms-win-core-datetime-l1-1-0.dll
0x00000257ad1a0000 - 0x00000257ad1a3000 	C:\Program Files\Java\jdk-11.0.11\bin\api-ms-win-core-debug-l1-1-0.dll
0x00000257ad1b0000 - 0x00000257ad1b3000 	C:\Program Files\Java\jdk-11.0.11\bin\api-ms-win-core-errorhandling-l1-1-0.dll
0x00000257ad1c0000 - 0x00000257ad1c4000 	C:\Program Files\Java\jdk-11.0.11\bin\api-ms-win-core-file-l1-1-0.dll
0x00000257af0a0000 - 0x00000257af0a3000 	C:\Program Files\Java\jdk-11.0.11\bin\api-ms-win-core-file-l1-2-0.dll
0x00000257af0b0000 - 0x00000257af0b3000 	C:\Program Files\Java\jdk-11.0.11\bin\api-ms-win-core-file-l2-1-0.dll
0x00000257af0c0000 - 0x00000257af0c3000 	C:\Program Files\Java\jdk-11.0.11\bin\api-ms-win-core-handle-l1-1-0.dll
0x00000257af0d0000 - 0x00000257af0d3000 	C:\Program Files\Java\jdk-11.0.11\bin\api-ms-win-core-heap-l1-1-0.dll
0x00000257af0e0000 - 0x00000257af0e3000 	C:\Program Files\Java\jdk-11.0.11\bin\api-ms-win-core-interlocked-l1-1-0.dll
0x00000257af0f0000 - 0x00000257af0f3000 	C:\Program Files\Java\jdk-11.0.11\bin\api-ms-win-core-libraryloader-l1-1-0.dll
0x00000257af100000 - 0x00000257af103000 	C:\Program Files\Java\jdk-11.0.11\bin\api-ms-win-core-localization-l1-2-0.dll
0x00000257af110000 - 0x00000257af113000 	C:\Program Files\Java\jdk-11.0.11\bin\api-ms-win-core-memory-l1-1-0.dll
0x00000257af120000 - 0x00000257af123000 	C:\Program Files\Java\jdk-11.0.11\bin\api-ms-win-core-namedpipe-l1-1-0.dll
0x00000257af130000 - 0x00000257af133000 	C:\Program Files\Java\jdk-11.0.11\bin\api-ms-win-core-processenvironment-l1-1-0.dll
0x00000257af140000 - 0x00000257af143000 	C:\Program Files\Java\jdk-11.0.11\bin\api-ms-win-core-processthreads-l1-1-0.dll
0x00000257af150000 - 0x00000257af153000 	C:\Program Files\Java\jdk-11.0.11\bin\api-ms-win-core-processthreads-l1-1-1.dll
0x00000257af160000 - 0x00000257af163000 	C:\Program Files\Java\jdk-11.0.11\bin\api-ms-win-core-profile-l1-1-0.dll
0x00000257af170000 - 0x00000257af173000 	C:\Program Files\Java\jdk-11.0.11\bin\api-ms-win-core-rtlsupport-l1-1-0.dll
0x00000257cdc70000 - 0x00000257cdc73000 	C:\Program Files\Java\jdk-11.0.11\bin\api-ms-win-core-string-l1-1-0.dll
0x00000257cdc80000 - 0x00000257cdc83000 	C:\Program Files\Java\jdk-11.0.11\bin\api-ms-win-core-synch-l1-1-0.dll
0x00000257cdc90000 - 0x00000257cdc93000 	C:\Program Files\Java\jdk-11.0.11\bin\api-ms-win-core-synch-l1-2-0.dll
0x00000257cdca0000 - 0x00000257cdca3000 	C:\Program Files\Java\jdk-11.0.11\bin\api-ms-win-core-sysinfo-l1-1-0.dll
0x00000257cdcb0000 - 0x00000257cdcb3000 	C:\Program Files\Java\jdk-11.0.11\bin\api-ms-win-core-timezone-l1-1-0.dll
0x00000257cdcc0000 - 0x00000257cdcc3000 	C:\Program Files\Java\jdk-11.0.11\bin\api-ms-win-core-util-l1-1-0.dll
0x00000257cdcd0000 - 0x00000257cdcd3000 	C:\Program Files\Java\jdk-11.0.11\bin\api-ms-win-crt-conio-l1-1-0.dll
0x00000257cdce0000 - 0x00000257cdce4000 	C:\Program Files\Java\jdk-11.0.11\bin\api-ms-win-crt-convert-l1-1-0.dll
0x00000257cdcf0000 - 0x00000257cdcf3000 	C:\Program Files\Java\jdk-11.0.11\bin\api-ms-win-crt-environment-l1-1-0.dll
0x00000257cdd00000 - 0x00000257cdd03000 	C:\Program Files\Java\jdk-11.0.11\bin\api-ms-win-crt-filesystem-l1-1-0.dll
0x00000257cdd10000 - 0x00000257cdd13000 	C:\Program Files\Java\jdk-11.0.11\bin\api-ms-win-crt-heap-l1-1-0.dll
0x00000257cdd20000 - 0x00000257cdd23000 	C:\Program Files\Java\jdk-11.0.11\bin\api-ms-win-crt-locale-l1-1-0.dll
0x00000257ce030000 - 0x00000257ce035000 	C:\Program Files\Java\jdk-11.0.11\bin\api-ms-win-crt-math-l1-1-0.dll
0x00000257ce040000 - 0x00000257ce045000 	C:\Program Files\Java\jdk-11.0.11\bin\api-ms-win-crt-multibyte-l1-1-0.dll
0x00000257ce050000 - 0x00000257ce060000 	C:\Program Files\Java\jdk-11.0.11\bin\api-ms-win-crt-private-l1-1-0.dll
0x00000257ce060000 - 0x00000257ce063000 	C:\Program Files\Java\jdk-11.0.11\bin\api-ms-win-crt-process-l1-1-0.dll
0x00000257ce070000 - 0x00000257ce074000 	C:\Program Files\Java\jdk-11.0.11\bin\api-ms-win-crt-runtime-l1-1-0.dll
0x00000257ce080000 - 0x00000257ce084000 	C:\Program Files\Java\jdk-11.0.11\bin\api-ms-win-crt-stdio-l1-1-0.dll
0x00000257ce090000 - 0x00000257ce094000 	C:\Program Files\Java\jdk-11.0.11\bin\api-ms-win-crt-string-l1-1-0.dll
0x00000257ce0a0000 - 0x00000257ce0a3000 	C:\Program Files\Java\jdk-11.0.11\bin\api-ms-win-crt-time-l1-1-0.dll
0x00000257ce0b0000 - 0x00000257ce0b3000 	C:\Program Files\Java\jdk-11.0.11\bin\api-ms-win-crt-utility-l1-1-0.dll
0x00007fff2fc50000 - 0x00007fff2fd4a000 	C:\Program Files\Java\jdk-11.0.11\bin\ucrtbase.dll
0x00007fff38120000 - 0x00007fff3816e000 	C:\Windows\System32\concrt140.dll
0x00007fff55ee0000 - 0x00007fff55eec000 	C:\WINDOWS\SYSTEM32\VCRUNTIME140_1.dll
0x00007fff4c300000 - 0x00007fff4c31c000 	C:\Users\tomit\.openjfx\cache\11.0.2\prism_sw.dll
0x00007fff44810000 - 0x00007fff44824000 	C:\Users\tomit\.openjfx\cache\11.0.2\javafx_font.dll
0x00007fff6b9b0000 - 0x00007fff6bada000 	C:\WINDOWS\System32\ole32.dll
0x00007fff67330000 - 0x00007fff673ce000 	C:\WINDOWS\system32\uxtheme.dll
0x00007fff4a220000 - 0x00007fff4a4a3000 	C:\WINDOWS\SYSTEM32\dwrite.dll
0x00007fff424b0000 - 0x00007fff424c8000 	C:\Users\tomit\.openjfx\cache\11.0.2\decora_sse.dll
0x00007fff6a4a0000 - 0x00007fff6a549000 	C:\WINDOWS\System32\clbcatq.dll

dbghelp: loaded successfully - version: 4.0.5 - missing functions: none
symbol engine: initialized successfully - sym options: 0x614 - pdb path: .;C:\Program Files\Java\jdk-11.0.11\bin;C:\WINDOWS\SYSTEM32;C:\WINDOWS\WinSxS\amd64_microsoft.windows.common-controls_6595b64144ccf1df_6.0.19041.1110_none_60b5254171f9507e;C:\Program Files\Java\jdk-11.0.11\bin\server;C:\Users\tomit\AppData\Local\Temp;C:\Users\tomit\.openjfx\cache\11.0.2

VM Arguments:
jvm_args: -Dglass.platform=Monocle -Djava.awt.headless=true -Dmonocle.platform=headless -Dorg.gradle.internal.worker.tmpdir=C:\Users\tomit\git\ohtu-miniprojekti2021\app\build\tmp\test\work -Dorg.gradle.native=false -Dprism.order=sw -Dprism.text=t2k -Dtestfx.headless=true -Dtestfx.robot=glass -javaagent:build/tmp/expandedArchives/org.jacoco.agent-0.8.7.jar_3a83c50b4a016f281c4e9f3500d16b55/jacocoagent.jar=destfile=build/jacoco/test.exec,append=true,inclnolocationclasses=false,dumponexit=true,output=file,jmx=false --add-opens=java.base/java.util=ALL-UNNAMED --add-opens=java.base/java.lang=ALL-UNNAMED -Xmx512m -Dfile.encoding=windows-1252 -Duser.country=GB -Duser.language=en -Duser.variant -ea 
java_command: worker.org.gradle.process.internal.worker.GradleWorkerMain 'Gradle Test Executor 1'
java_class_path (initial): C:\\Users\\tomit\\.gradle\\caches\\7.1.1\\workerMain\\gradle-worker.jar;C:\\Users\\tomit\\git\\ohtu-miniprojekti2021\\app\\build\\classes\\java\\test;C:\\Users\\tomit\\git\\ohtu-miniprojekti2021\\app\\build\\resources\\test;C:\\Users\\tomit\\git\\ohtu-miniprojekti2021\\app\\build\\classes\\java\\main;C:\\Users\\tomit\\git\\ohtu-miniprojekti2021\\app\\build\\resources\\main;C:\\Users\\tomit\\.gradle\\caches\\modules-2\\files-2.1\\com.google.guava\\guava\\30.1-jre\\d0c3ce2311c9e36e73228da25a6e99b2ab826f\\guava-30.1-jre.jar;C:\\Users\\tomit\\.gradle\\caches\\modules-2\\files-2.1\\org.xerial\\sqlite-jdbc\\3.36.0.3\\7fa71c4dfab806490cb909714fb41373ec552c29\\sqlite-jdbc-3.36.0.3.jar;C:\\Users\\tomit\\.gradle\\caches\\modules-2\\files-2.1\\org.openjfx\\javafx-fxml\\11.0.2\\b3242e4c031558574de2a1da685bb5fcdbb8a530\\javafx-fxml-11.0.2-win.jar;C:\\Users\\tomit\\.gradle\\caches\\modules-2\\files-2.1\\org.testfx\\openjfx-monocle\\jdk-11+26\\7a988f4e2a6db0b3a17baacea6e102df86a3d375\\openjfx-monocle-jdk-11+26.jar;C:\\Users\\tomit\\.gradle\\caches\\modules-2\\files-2.1\\org.openjfx\\javafx-controls\\11.0.2\\6c763707769c18adce406904c771c2ad1fcc370b\\javafx-controls-11.0.2-win.jar;C:\\Users\\tomit\\.gradle\\caches\\modules-2\\files-2.1\\org.openjfx\\javafx-controls\\11.0.2\\4ab633cf1eea60f76e2ae9905aedac862da88b08\\javafx-controls-11.0.2.jar;C:\\Users\\tomit\\.gradle\\caches\\modules-2\\files-2.1\\org.openjfx\\javafx-graphics\\11.0.2\\20459ea2cf714942bcbeb78a7f70ba3531dc1a44\\javafx-graphics-11.0.2-win.jar;C:\\Users\\tomit\\.gradle\\caches\\modules-2\\files-2.1\\org.openjfx\\javafx-graphics\\11.0.2\\e522eb4ea422eceeee207b1c266ba3db19b2343a\\javafx-graphics-11.0.2.jar;C:\\Users\\tomit\\.gradle\\caches\\modules-2\\files-2.1\\org.openjfx\\javafx-base\\11.0.2\\1852e57b8cf9a9b6488c33605bccd5d06ff210e1\\javafx-base-11.0.2-win.jar;C:\\Users\\tomit\\.gradle\\caches\\modules-2\\files-2.1\\org.openjfx\\javafx-base\\11.0.2\\7fb2e4a8528ec9e434a9ac9ee98b39af79e6dcb8\
Launcher Type: SUN_STANDARD

[Global flags]
     intx CICompilerCount                          = 3                                         {product} {ergonomic}
     uint ConcGCThreads                            = 1                                         {product} {ergonomic}
     uint G1ConcRefinementThreads                  = 4                                         {product} {ergonomic}
   size_t G1HeapRegionSize                         = 1048576                                   {product} {ergonomic}
    uintx GCDrainStackTargetSize                   = 64                                        {product} {ergonomic}
   size_t InitialHeapSize                          = 100663296                                 {product} {ergonomic}
   size_t MarkStackSize                            = 4194304                                   {product} {ergonomic}
   size_t MaxHeapSize                              = 536870912                                 {product} {command line}
   size_t MaxNewSize                               = 321912832                                 {product} {ergonomic}
   size_t MinHeapDeltaBytes                        = 1048576                                   {product} {ergonomic}
    uintx NonNMethodCodeHeapSize                   = 5830732                                {pd product} {ergonomic}
    uintx NonProfiledCodeHeapSize                  = 122913754                              {pd product} {ergonomic}
    uintx ProfiledCodeHeapSize                     = 122913754                              {pd product} {ergonomic}
    uintx ReservedCodeCacheSize                    = 251658240                              {pd product} {ergonomic}
     bool SegmentedCodeCache                       = true                                      {product} {ergonomic}
     bool UseCompressedClassPointers               = true                                 {lp64_product} {ergonomic}
     bool UseCompressedOops                        = true                                 {lp64_product} {ergonomic}
     bool UseG1GC                                  = true                                      {product} {ergonomic}
     bool UseLargePagesIndividualAllocation        = false                                  {pd product} {ergonomic}

Logging:
Log output configuration:
 #0: stdout all=warning uptime,level,tags
 #1: stderr all=off uptime,level,tags

Environment Variables:
JAVA_HOME=C:\Program Files\Java\jdk-11.0.11
CLASSPATH=C:\Users\tomit\git\ohtu-miniprojekti2021\\gradle\wrapper\gradle-wrapper.jar
PATH=C:\Program Files\Common Files\Oracle\Java\javapath;C:\Program Files (x86)\Common Files\Oracle\Java\javapath;C:\WINDOWS\system32;C:\WINDOWS;C:\WINDOWS\System32\Wbem;C:\WINDOWS\System32\WindowsPowerShell\v1.0\;C:\WINDOWS\System32\OpenSSH\;C:\Program Files (x86)\Bitvise SSH Client;C:\Program Files\Git\cmd;C:\Gradle\gradle-7.3\bin;C:\Program Files (x86)\sqlite3;C:\Program Files\Java\jdk-11.0.11\bin;C:\Program Files (x86)\dotnet\;C:\Users\tomit\.poetry\bin;C:\Users\tomit\AppData\Local\Programs\Python\Python310\Scripts\;C:\Users\tomit\AppData\Local\Programs\Python\Python310\;C:\Users\tomit\AppData\Local\Microsoft\WindowsApps;C:\Program Files\Wireshark;;C:\Users\tomit\AppData\Local\Programs\Microsoft VS Code\bin
USERNAME=tomit
OS=Windows_NT
PROCESSOR_IDENTIFIER=AMD64 Family 23 Model 24 Stepping 1, AuthenticAMD



---------------  S Y S T E M  ---------------

OS: Windows 10 , 64 bit Build 19041 (10.0.19041.1348)

CPU:total 4 (initial active 4) (4 cores per cpu, 1 threads per core) family 23 model 24 stepping 1 microcode 0x0, cmov, cx8, fxsr, mmx, sse, sse2, sse3, ssse3, sse4.1, sse4.2, popcnt, avx, avx2, aes, clmul, mmxext, 3dnowpref, lzcnt, sse4a, tsc, tscinvbit, tscinv, bmi1, bmi2, adx, sha, 

Memory: 4k page, system-wide physical 6053M (961M free)
TotalPageFile size 12453M (AvailPageFile size 2676M)
current process WorkingSet (physical memory assigned to process): 233M, peak: 235M
current process commit charge ("private bytes"): 270M, peak: 279M

vm_info: Java HotSpot(TM) 64-Bit Server VM (11.0.11+9-LTS-194) for windows-amd64 JRE (11.0.11+9-LTS-194), built on Mar 18 2021 18:46:53 by "mach5one" with MS VC++ 15.9 (VS2017)

END.
