#
# A fatal error has been detected by the Java Runtime Environment:
#
#  EXCEPTION_ACCESS_VIOLATION (0xc0000005) at pc=0x00007fff519f4879, pid=13012, tid=4388
#
# JRE version: Java(TM) SE Runtime Environment 18.9 (11.0.11+9) (build 11.0.11+9-LTS-194)
# Java VM: Java HotSpot(TM) 64-Bit Server VM 18.9 (11.0.11+9-LTS-194, mixed mode, tiered, compressed oops, g1 gc, windows-amd64)
# Problematic frame:
# C  [javafx_font.dll+0x4879]
#
# No core dump will be written. Minidumps are not enabled by default on client versions of Windows
#
# If you would like to submit a bug report, please visit:
#   https://bugreport.java.com/bugreport/crash.jsp
# The crash happened outside the Java Virtual Machine in native code.
# See problematic frame for where to report the bug.
#

---------------  S U M M A R Y ------------

Command Line: -Dglass.platform=Monocle -Djava.awt.headless=true -Dmonocle.platform=headless -Dorg.gradle.internal.worker.tmpdir=C:\Users\tomit\git\ohtu-miniprojekti2021\app\build\tmp\test\work -Dorg.gradle.native=false -Dprism.order=sw -Dprism.text=t2k -Dtestfx.headless=true -Dtestfx.robot=glass -javaagent:build/tmp/expandedArchives/org.jacoco.agent-0.8.7.jar_3a83c50b4a016f281c4e9f3500d16b55/jacocoagent.jar=destfile=build/jacoco/test.exec,append=true,inclnolocationclasses=false,dumponexit=true,output=file,jmx=false --add-opens=java.base/java.util=ALL-UNNAMED --add-opens=java.base/java.lang=ALL-UNNAMED -Xmx512m -Dfile.encoding=windows-1252 -Duser.country=GB -Duser.language=en -Duser.variant -ea worker.org.gradle.process.internal.worker.GradleWorkerMain 'Gradle Test Executor 1'

Host: AMD Ryzen 3 3200G with Radeon Vega Graphics    , 4 cores, 5G,  Windows 10 , 64 bit Build 19041 (10.0.19041.1348)
Time: Tue Dec 14 11:03:02 2021 FLE Standard Time elapsed time: 5.825998 seconds (0d 0h 0m 5s)

---------------  T H R E A D  ---------------

Current thread (0x0000021c55f79000):  JavaThread "QuantumRenderer-0" daemon [_thread_in_native, id=4388, stack(0x000000bf0ab00000,0x000000bf0ac00000)]

Stack: [0x000000bf0ab00000,0x000000bf0ac00000],  sp=0x000000bf0abfbe70,  free space=1007k
Native frames: (J=compiled Java code, j=interpreted, Vv=VM code, C=native code)
C  [javafx_font.dll+0x4879]

Java frames: (J=compiled Java code, j=interpreted, Vv=VM code)
j  com.sun.javafx.font.directwrite.OS.CreateBitmap(JIIII)J+0
j  com.sun.javafx.font.directwrite.IWICImagingFactory.CreateBitmap(IIII)Lcom/sun/javafx/font/directwrite/IWICBitmap;+14
j  com.sun.javafx.font.directwrite.DWGlyph.createBitmap(II)Lcom/sun/javafx/font/directwrite/IWICBitmap;+21
j  com.sun.javafx.font.directwrite.DWGlyph.getCachedBitmap()Lcom/sun/javafx/font/directwrite/IWICBitmap;+30
j  com.sun.javafx.font.directwrite.DWGlyph.getD2DMask(FFZ)[B+194
j  com.sun.javafx.font.directwrite.DWGlyph.getPixelData(I)[B+160
j  com.sun.prism.sw.SWGraphics.drawGlyph(Lcom/sun/javafx/font/FontStrike;Lcom/sun/javafx/scene/text/GlyphList;ILcom/sun/javafx/geom/transform/BaseTransform;ZFF)V+118
j  com.sun.prism.sw.SWGraphics.drawString(Lcom/sun/javafx/scene/text/GlyphList;Lcom/sun/javafx/font/FontStrike;FFLcom/sun/prism/paint/Color;II)V+661
j  com.sun.javafx.sg.prism.NGText.renderText(Lcom/sun/prism/Graphics;Lcom/sun/javafx/font/FontStrike;Lcom/sun/javafx/geom/BaseBounds;Lcom/sun/prism/paint/Color;I)V+330
j  com.sun.javafx.sg.prism.NGText.renderContent2D(Lcom/sun/prism/Graphics;Z)V+437
j  com.sun.javafx.sg.prism.NGShape.renderContent(Lcom/sun/prism/Graphics;)V+684
j  com.sun.javafx.sg.prism.NGNode.doRender(Lcom/sun/prism/Graphics;)V+659
j  com.sun.javafx.sg.prism.NGNode.render(Lcom/sun/prism/Graphics;)V+80
j  com.sun.javafx.sg.prism.NGGroup.renderContent(Lcom/sun/prism/Graphics;)V+264
j  com.sun.javafx.sg.prism.NGRegion.renderContent(Lcom/sun/prism/Graphics;)V+217
j  com.sun.javafx.sg.prism.NGNode.doRender(Lcom/sun/prism/Graphics;)V+659
j  com.sun.javafx.sg.prism.NGNode.render(Lcom/sun/prism/Graphics;)V+80
j  com.sun.javafx.sg.prism.NGGroup.renderContent(Lcom/sun/prism/Graphics;)V+264
j  com.sun.javafx.sg.prism.NGRegion.renderContent(Lcom/sun/prism/Graphics;)V+217
j  com.sun.javafx.sg.prism.NGNode.doRender(Lcom/sun/prism/Graphics;)V+659
j  com.sun.javafx.sg.prism.NGNode.render(Lcom/sun/prism/Graphics;)V+80
j  com.sun.javafx.sg.prism.NGGroup.renderContent(Lcom/sun/prism/Graphics;)V+264
j  com.sun.javafx.sg.prism.NGRegion.renderContent(Lcom/sun/prism/Graphics;)V+217
j  com.sun.javafx.sg.prism.NGNode.doRender(Lcom/sun/prism/Graphics;)V+659
j  com.sun.javafx.sg.prism.NGNode.render(Lcom/sun/prism/Graphics;)V+80
j  com.sun.javafx.sg.prism.NGGroup.renderContent(Lcom/sun/prism/Graphics;)V+264
j  com.sun.javafx.sg.prism.NGRegion.renderContent(Lcom/sun/prism/Graphics;)V+217
j  com.sun.javafx.sg.prism.NGNode.renderForClip(Lcom/sun/prism/Graphics;)V+33
j  com.sun.javafx.sg.prism.NGNode.renderRectClip(Lcom/sun/prism/Graphics;Lcom/sun/javafx/sg/prism/NGRectangle;)V+221
j  com.sun.javafx.sg.prism.NGNode.renderClip(Lcom/sun/prism/Graphics;)V+161
j  com.sun.javafx.sg.prism.NGNode.doRender(Lcom/sun/prism/Graphics;)V+569
j  com.sun.javafx.sg.prism.NGNode.render(Lcom/sun/prism/Graphics;)V+80
j  com.sun.javafx.sg.prism.NGGroup.renderContent(Lcom/sun/prism/Graphics;)V+264
j  com.sun.javafx.sg.prism.NGRegion.renderContent(Lcom/sun/prism/Graphics;)V+217
j  com.sun.javafx.sg.prism.NGNode.doRender(Lcom/sun/prism/Graphics;)V+659
j  com.sun.javafx.sg.prism.NGNode.render(Lcom/sun/prism/Graphics;)V+80
j  com.sun.javafx.sg.prism.NGGroup.renderContent(Lcom/sun/prism/Graphics;)V+264
j  com.sun.javafx.sg.prism.NGRegion.renderContent(Lcom/sun/prism/Graphics;)V+217
j  com.sun.javafx.sg.prism.NGNode.doRender(Lcom/sun/prism/Graphics;)V+659
j  com.sun.javafx.sg.prism.NGNode.render(Lcom/sun/prism/Graphics;)V+80
j  com.sun.javafx.sg.prism.NGGroup.renderContent(Lcom/sun/prism/Graphics;)V+264
j  com.sun.javafx.sg.prism.NGRegion.renderContent(Lcom/sun/prism/Graphics;)V+217
j  com.sun.javafx.sg.prism.NGNode.renderForClip(Lcom/sun/prism/Graphics;)V+33
j  com.sun.javafx.sg.prism.NGNode.renderRectClip(Lcom/sun/prism/Graphics;Lcom/sun/javafx/sg/prism/NGRectangle;)V+221
j  com.sun.javafx.sg.prism.NGNode.renderClip(Lcom/sun/prism/Graphics;)V+161
j  com.sun.javafx.sg.prism.CacheFilter.renderNodeToCache(Lcom/sun/scenario/effect/ImageData;Lcom/sun/javafx/geom/Rectangle;Lcom/sun/javafx/geom/transform/BaseTransform;Lcom/sun/javafx/geom/Rectangle;)V+276
j  com.sun.javafx.sg.prism.CacheFilter.render(Lcom/sun/prism/Graphics;)V+586
j  com.sun.javafx.sg.prism.NGNode.renderCached(Lcom/sun/prism/Graphics;)V+68
j  com.sun.javafx.sg.prism.NGNode.doRender(Lcom/sun/prism/Graphics;)V+514
j  com.sun.javafx.sg.prism.NGNode.render(Lcom/sun/prism/Graphics;)V+80
j  com.sun.javafx.sg.prism.NGGroup.renderContent(Lcom/sun/prism/Graphics;)V+264
j  com.sun.javafx.sg.prism.NGRegion.renderContent(Lcom/sun/prism/Graphics;)V+217
j  com.sun.javafx.sg.prism.NGNode.doRender(Lcom/sun/prism/Graphics;)V+659
j  com.sun.javafx.sg.prism.NGNode.render(Lcom/sun/prism/Graphics;)V+80
j  com.sun.javafx.sg.prism.NGGroup.renderContent(Lcom/sun/prism/Graphics;)V+264
j  com.sun.javafx.sg.prism.NGRegion.renderContent(Lcom/sun/prism/Graphics;)V+217
j  com.sun.javafx.sg.prism.NGNode.doRender(Lcom/sun/prism/Graphics;)V+659
j  com.sun.javafx.sg.prism.NGNode.render(Lcom/sun/prism/Graphics;)V+80
j  com.sun.javafx.tk.quantum.ViewPainter.doPaint(Lcom/sun/prism/Graphics;Lcom/sun/javafx/sg/prism/NodePath;)V+386
j  com.sun.javafx.tk.quantum.ViewPainter.paintImpl(Lcom/sun/prism/Graphics;)V+1628
j  com.sun.javafx.tk.quantum.UploadingPainter.run()V+1342
j  java.util.concurrent.Executors$RunnableAdapter.call()Ljava/lang/Object;+4 java.base@11.0.11
j  java.util.concurrent.FutureTask.runAndReset()Z+44 java.base@11.0.11
j  com.sun.javafx.tk.RenderJob.run()V+5
j  java.util.concurrent.ThreadPoolExecutor.runWorker(Ljava/util/concurrent/ThreadPoolExecutor$Worker;)V+92 java.base@11.0.11
j  java.util.concurrent.ThreadPoolExecutor$Worker.run()V+5 java.base@11.0.11
j  com.sun.javafx.tk.quantum.QuantumRenderer$PipelineRunnable.run()V+17
j  java.lang.Thread.run()V+11 java.base@11.0.11
v  ~StubRoutines::call_stub

siginfo: EXCEPTION_ACCESS_VIOLATION (0xc0000005), reading address 0x00007fff63a9c7c0


Register to memory mapping:

RIP=0x00007fff519f4879 javafx_font.dll
RAX=0x0000000000000001 is an unknown value
RBX=0x0 is NULL
RCX=0x0000021c59a89c40 points into unknown readable memory: 38 c7 a9 63 ff 7f 00 00
RDX=0x0000000000000100 is an unknown value
RSP=0x000000bf0abfbe70 is pointing into the stack for thread: 0x0000021c55f79000
RBP=0x000000bf0abfbf70 is pointing into the stack for thread: 0x0000021c55f79000
RSI=0x0000000000000148 is an unknown value
RDI=0x0000000000000100 is an unknown value
R8 =0x0000000000000100 is an unknown value
R9 =0x000000bf0abfbea8 is pointing into the stack for thread: 0x0000021c55f79000
R10=0x00007fff63a9c738 is an unknown value
R11=0x0000021c59a89c40 points into unknown readable memory: 38 c7 a9 63 ff 7f 00 00
R12=0x0 is NULL
R13={method} {0x0000021c5b399610} 'CreateBitmap' '(JIIII)J' in 'com/sun/javafx/font/directwrite/OS'
R14=0x000000bf0abfbfb8 is pointing into the stack for thread: 0x0000021c55f79000
R15=0x0000021c55f79000 is a thread


Registers:
RAX=0x0000000000000001, RBX=0x0000000000000000, RCX=0x0000021c59a89c40, RDX=0x0000000000000100
RSP=0x000000bf0abfbe70, RBP=0x000000bf0abfbf70, RSI=0x0000000000000148, RDI=0x0000000000000100
R8 =0x0000000000000100, R9 =0x000000bf0abfbea8, R10=0x00007fff63a9c738, R11=0x0000021c59a89c40
R12=0x0000000000000000, R13=0x0000021c5b399608, R14=0x000000bf0abfbfb8, R15=0x0000021c55f79000
RIP=0x00007fff519f4879, EFLAGS=0x0000000000010206

Top of Stack: (sp=0x000000bf0abfbe70)
0x000000bf0abfbe70:   0000021c5b399608 0000021c55f79000
0x000000bf0abfbe80:   0000000000001bc1 0000000000000148
0x000000bf0abfbe90:   0000021c00000001 000000bf0abfbea0
0x000000bf0abfbea0:   0000000000000000 4bfe4e036fddc324
0x000000bf0abfbeb0:   10c98d76773d85b1 0000acf3f1bad8e9
0x000000bf0abfbec0:   0000000000001bc1 0000021c41d2f2d7
0x000000bf0abfbed0:   0000021c5b399608 0000021c55f79000
0x000000bf0abfbee0:   0000021c5b399608 00007ffef4c215bf
0x000000bf0abfbef0:   0000000000000100 0000021c00000008
0x000000bf0abfbf00:   0000021c00000001 0000021c5b399608
0x000000bf0abfbf10:   000000bf0abfbf70 0000000000000148
0x000000bf0abfbf20:   0000021c41d2ef76 000000bf0abfbf28
0x000000bf0abfbf30:   0000021c5b399608 000000bf0abfbfb8
0x000000bf0abfbf40:   0000021c5b39a008 0000000000000000
0x000000bf0abfbf50:   00000000e238d5d8 0000021c5b399608
0x000000bf0abfbf60:   0000000000000000 000000bf0abfbf90 

Instructions: (pc=0x00007fff519f4879)
0x00007fff519f4859:   84 24 80 00 00 00 4c 8d 4c 24 38 48 89 44 24 28
0x00007fff519f4869:   8b d7 8b 84 24 90 00 00 00 49 8b cb 89 44 24 20
0x00007fff519f4879:   41 ff 92 88 00 00 00 85 c0 48 0f 49 5c 24 30 48
0x00007fff519f4889:   8b c3 48 8b 4c 24 48 48 33 cc e8 68 44 00 00 48 


Stack slot to memory mapping:
stack at sp + 0 slots: {method} {0x0000021c5b399610} 'CreateBitmap' '(JIIII)J' in 'com/sun/javafx/font/directwrite/OS'
stack at sp + 1 slots: 0x0000021c55f79000 is a thread
stack at sp + 2 slots: 0x0000000000001bc1 is an unknown value
stack at sp + 3 slots: 0x0000000000000148 is an unknown value
stack at sp + 4 slots: 0x0000021c00000001 is an unknown value
stack at sp + 5 slots: 0x000000bf0abfbea0 is pointing into the stack for thread: 0x0000021c55f79000
stack at sp + 6 slots: 0x0 is NULL
stack at sp + 7 slots: 0x4bfe4e036fddc324 is an unknown value


---------------  P R O C E S S  ---------------

Threads class SMR info:
_java_thread_list=0x0000021c59352f50, length=22, elements={
0x0000021c3986a800, 0x0000021c544d1800, 0x0000021c544db000, 0x0000021c54532000,
0x0000021c54534000, 0x0000021c54536000, 0x0000021c5453a800, 0x0000021c5453f000,
0x0000021c54485000, 0x0000021c54fc7000, 0x0000021c553a9000, 0x0000021c56a1c800,
0x0000021c57167800, 0x0000021c58b8c800, 0x0000021c58ad1000, 0x0000021c57ddc800,
0x0000021c55f79000, 0x0000021c589f0800, 0x0000021c5a138800, 0x0000021c5608f800,
0x0000021c5608b800, 0x0000021c5608e000
}

Java Threads: ( => current thread )
  0x0000021c3986a800 JavaThread "main" [_thread_blocked, id=3724, stack(0x000000bf09000000,0x000000bf09100000)]
  0x0000021c544d1800 JavaThread "Reference Handler" daemon [_thread_blocked, id=9552, stack(0x000000bf09700000,0x000000bf09800000)]
  0x0000021c544db000 JavaThread "Finalizer" daemon [_thread_blocked, id=5424, stack(0x000000bf09800000,0x000000bf09900000)]
  0x0000021c54532000 JavaThread "Signal Dispatcher" daemon [_thread_blocked, id=7828, stack(0x000000bf09900000,0x000000bf09a00000)]
  0x0000021c54534000 JavaThread "Attach Listener" daemon [_thread_blocked, id=6764, stack(0x000000bf09a00000,0x000000bf09b00000)]
  0x0000021c54536000 JavaThread "C2 CompilerThread0" daemon [_thread_blocked, id=7496, stack(0x000000bf09b00000,0x000000bf09c00000)]
  0x0000021c5453a800 JavaThread "C1 CompilerThread0" daemon [_thread_blocked, id=5452, stack(0x000000bf09c00000,0x000000bf09d00000)]
  0x0000021c5453f000 JavaThread "Sweeper thread" daemon [_thread_blocked, id=3912, stack(0x000000bf09d00000,0x000000bf09e00000)]
  0x0000021c54485000 JavaThread "Common-Cleaner" daemon [_thread_blocked, id=2532, stack(0x000000bf09e00000,0x000000bf09f00000)]
  0x0000021c54fc7000 JavaThread "C2 CompilerThread1" daemon [_thread_blocked, id=8988, stack(0x000000bf09f00000,0x000000bf0a000000)]
  0x0000021c553a9000 JavaThread "Service Thread" daemon [_thread_blocked, id=3796, stack(0x000000bf0a000000,0x000000bf0a100000)]
  0x0000021c56a1c800 JavaThread "Test worker" [_thread_blocked, id=5916, stack(0x000000bf0a400000,0x000000bf0a500000)]
  0x0000021c57167800 JavaThread "/127.0.0.1:51311 to /127.0.0.1:51310 workers Thread 2" [_thread_blocked, id=6832, stack(0x000000bf0a500000,0x000000bf0a600000)]
  0x0000021c58b8c800 JavaThread "/127.0.0.1:51311 to /127.0.0.1:51310 workers Thread 3" [_thread_in_native, id=1932, stack(0x000000bf0a600000,0x000000bf0a700000)]
  0x0000021c58ad1000 JavaThread "testfx-async-pool-thread-1" daemon [_thread_blocked, id=5228, stack(0x000000bf0a900000,0x000000bf0aa00000)]
  0x0000021c57ddc800 JavaThread "JavaFX-Launcher" daemon [_thread_blocked, id=5024, stack(0x000000bf0aa00000,0x000000bf0ab00000)]
=>0x0000021c55f79000 JavaThread "QuantumRenderer-0" daemon [_thread_in_native, id=4388, stack(0x000000bf0ab00000,0x000000bf0ac00000)]
  0x0000021c589f0800 JavaThread "JavaFX Application Thread" daemon [_thread_blocked, id=7820, stack(0x000000bf0ac00000,0x000000bf0ad00000)]
  0x0000021c5a138800 JavaThread "Timer-0" daemon [_thread_blocked, id=6564, stack(0x000000bf0ad00000,0x000000bf0ae00000)]
  0x0000021c5608f800 JavaThread "testfx-async-pool-thread-2" daemon [_thread_blocked, id=556, stack(0x000000bf0ae00000,0x000000bf0af00000)]
  0x0000021c5608b800 JavaThread "Prism Font Disposer" daemon [_thread_blocked, id=11496, stack(0x000000bf0af00000,0x000000bf0b000000)]
  0x0000021c5608e000 JavaThread "Cleaner-0" daemon [_thread_blocked, id=1268, stack(0x000000bf0b000000,0x000000bf0b100000)]

Other Threads:
  0x0000021c544ab000 VMThread "VM Thread" [stack: 0x000000bf09600000,0x000000bf09700000] [id=6868]
  0x0000021c55725800 WatcherThread [stack: 0x000000bf0a100000,0x000000bf0a200000] [id=11240]
  0x0000021c39881800 GCTaskThread "GC Thread#0" [stack: 0x000000bf09100000,0x000000bf09200000] [id=11892]
  0x0000021c5538e800 GCTaskThread "GC Thread#1" [stack: 0x000000bf0a200000,0x000000bf0a300000] [id=8872]
  0x0000021c5747f800 GCTaskThread "GC Thread#2" [stack: 0x000000bf0a700000,0x000000bf0a800000] [id=9516]
  0x0000021c57480000 GCTaskThread "GC Thread#3" [stack: 0x000000bf0a800000,0x000000bf0a900000] [id=7136]
  0x0000021c39896000 ConcurrentGCThread "G1 Main Marker" [stack: 0x000000bf09200000,0x000000bf09300000] [id=1976]
  0x0000021c39898800 ConcurrentGCThread "G1 Conc#0" [stack: 0x000000bf09300000,0x000000bf09400000] [id=10164]
  0x0000021c39907000 ConcurrentGCThread "G1 Refine#0" [stack: 0x000000bf09400000,0x000000bf09500000] [id=4308]
  0x0000021c39908000 ConcurrentGCThread "G1 Young RemSet Sampling" [stack: 0x000000bf09500000,0x000000bf09600000] [id=8228]

Threads with active compile tasks:

VM state:not at safepoint (normal execution)

VM Mutex/Monitor currently owned by a thread: None

Heap address: 0x00000000e0000000, size: 512 MB, Compressed Oops mode: 32-bit
Narrow klass base: 0x0000000000000000, Narrow klass shift: 3
Compressed class space size: 1073741824 Address: 0x0000000100000000

Heap:
 garbage-first heap   total 98304K, used 47059K [0x00000000e0000000, 0x0000000100000000)
  region size 1024K, 22 young (22528K), 6 survivors (6144K)
 Metaspace       used 39527K, capacity 41134K, committed 41344K, reserved 1085440K
  class space    used 4771K, capacity 5428K, committed 5504K, reserved 1048576K
Heap Regions: E=young(eden), S=young(survivor), O=old, HS=humongous(starts), HC=humongous(continues), CS=collection set, F=free, A=archive, TAMS=top-at-mark-start (previous, next)
|   0|0x00000000e0000000, 0x00000000e0100000, 0x00000000e0100000|100%| O|  |TAMS 0x00000000e0100000, 0x00000000e0000000| Untracked 
|   1|0x00000000e0100000, 0x00000000e0200000, 0x00000000e0200000|100%| O|  |TAMS 0x00000000e0200000, 0x00000000e0100000| Untracked 
|   2|0x00000000e0200000, 0x00000000e0300000, 0x00000000e0300000|100%| O|  |TAMS 0x00000000e0300000, 0x00000000e0200000| Untracked 
|   3|0x00000000e0300000, 0x00000000e0400000, 0x00000000e0400000|100%| O|  |TAMS 0x00000000e0400000, 0x00000000e0300000| Untracked 
|   4|0x00000000e0400000, 0x00000000e0500000, 0x00000000e0500000|100%|HS|  |TAMS 0x00000000e0500000, 0x00000000e0400000| Complete 
|   5|0x00000000e0500000, 0x00000000e0600000, 0x00000000e0600000|100%|HC|  |TAMS 0x00000000e0600000, 0x00000000e0500000| Complete 
|   6|0x00000000e0600000, 0x00000000e0700000, 0x00000000e0700000|100%|HC|  |TAMS 0x00000000e0700000, 0x00000000e0600000| Complete 
|   7|0x00000000e0700000, 0x00000000e0800000, 0x00000000e0800000|100%|HC|  |TAMS 0x00000000e0800000, 0x00000000e0700000| Complete 
|   8|0x00000000e0800000, 0x00000000e0900000, 0x00000000e0900000|100%| O|  |TAMS 0x00000000e0900000, 0x00000000e0800000| Untracked 
|   9|0x00000000e0900000, 0x00000000e0a00000, 0x00000000e0a00000|100%| O|  |TAMS 0x00000000e0a00000, 0x00000000e0900000| Untracked 
|  10|0x00000000e0a00000, 0x00000000e0b00000, 0x00000000e0b00000|100%| O|  |TAMS 0x00000000e0a95400, 0x00000000e0a00000| Untracked 
|  11|0x00000000e0b00000, 0x00000000e0b21a00, 0x00000000e0c00000| 13%| O|  |TAMS 0x00000000e0b00000, 0x00000000e0b00000| Untracked 
|  12|0x00000000e0c00000, 0x00000000e0d00000, 0x00000000e0d00000|100%|HS|  |TAMS 0x00000000e0c00000, 0x00000000e0c00000| Complete 
|  13|0x00000000e0d00000, 0x00000000e0e00000, 0x00000000e0e00000|100%|HC|  |TAMS 0x00000000e0d00000, 0x00000000e0d00000| Complete 
|  14|0x00000000e0e00000, 0x00000000e0f00000, 0x00000000e0f00000|100%|HC|  |TAMS 0x00000000e0e00000, 0x00000000e0e00000| Complete 
|  15|0x00000000e0f00000, 0x00000000e1000000, 0x00000000e1000000|100%|HS|  |TAMS 0x00000000e0f00000, 0x00000000e0f00000| Complete 
|  16|0x00000000e1000000, 0x00000000e1100000, 0x00000000e1100000|100%|HC|  |TAMS 0x00000000e1000000, 0x00000000e1000000| Complete 
|  17|0x00000000e1100000, 0x00000000e1200000, 0x00000000e1200000|100%|HC|  |TAMS 0x00000000e1100000, 0x00000000e1100000| Complete 
|  18|0x00000000e1200000, 0x00000000e1300000, 0x00000000e1300000|100%|HC|  |TAMS 0x00000000e1200000, 0x00000000e1200000| Complete 
|  19|0x00000000e1300000, 0x00000000e1400000, 0x00000000e1400000|100%|HC|  |TAMS 0x00000000e1300000, 0x00000000e1300000| Complete 
|  20|0x00000000e1400000, 0x00000000e1500000, 0x00000000e1500000|100%|HC|  |TAMS 0x00000000e1400000, 0x00000000e1400000| Complete 
|  21|0x00000000e1500000, 0x00000000e1600000, 0x00000000e1600000|100%|HC|  |TAMS 0x00000000e1500000, 0x00000000e1500000| Complete 
|  22|0x00000000e1600000, 0x00000000e1700000, 0x00000000e1700000|100%|HC|  |TAMS 0x00000000e1600000, 0x00000000e1600000| Complete 
|  23|0x00000000e1700000, 0x00000000e1800000, 0x00000000e1800000|100%|HC|  |TAMS 0x00000000e1700000, 0x00000000e1700000| Complete 
|  24|0x00000000e1800000, 0x00000000e1900000, 0x00000000e1900000|100%|HS|  |TAMS 0x00000000e1800000, 0x00000000e1800000| Complete 
|  25|0x00000000e1900000, 0x00000000e1a00000, 0x00000000e1a00000|100%|HC|  |TAMS 0x00000000e1900000, 0x00000000e1900000| Complete 
|  26|0x00000000e1a00000, 0x00000000e1a00000, 0x00000000e1b00000|  0%| F|  |TAMS 0x00000000e1a00000, 0x00000000e1a00000| Untracked 
|  27|0x00000000e1b00000, 0x00000000e1b00000, 0x00000000e1c00000|  0%| F|  |TAMS 0x00000000e1b00000, 0x00000000e1b00000| Untracked 
|  28|0x00000000e1c00000, 0x00000000e1c00000, 0x00000000e1d00000|  0%| F|  |TAMS 0x00000000e1c00000, 0x00000000e1c00000| Untracked 
|  29|0x00000000e1d00000, 0x00000000e1d00000, 0x00000000e1e00000|  0%| F|  |TAMS 0x00000000e1d00000, 0x00000000e1d00000| Untracked 
|  30|0x00000000e1e00000, 0x00000000e1e00000, 0x00000000e1f00000|  0%| F|  |TAMS 0x00000000e1e00000, 0x00000000e1e00000| Untracked 
|  31|0x00000000e1f00000, 0x00000000e1f00000, 0x00000000e2000000|  0%| F|  |TAMS 0x00000000e1f00000, 0x00000000e1f00000| Untracked 
|  32|0x00000000e2000000, 0x00000000e2000000, 0x00000000e2100000|  0%| F|  |TAMS 0x00000000e2000000, 0x00000000e2000000| Untracked 
|  33|0x00000000e2100000, 0x00000000e21d3340, 0x00000000e2200000| 82%| S|CS|TAMS 0x00000000e2100000, 0x00000000e2100000| Complete 
|  34|0x00000000e2200000, 0x00000000e2300000, 0x00000000e2300000|100%| S|CS|TAMS 0x00000000e2200000, 0x00000000e2200000| Complete 
|  35|0x00000000e2300000, 0x00000000e2400000, 0x00000000e2400000|100%| S|CS|TAMS 0x00000000e2300000, 0x00000000e2300000| Complete 
|  36|0x00000000e2400000, 0x00000000e2500000, 0x00000000e2500000|100%| S|CS|TAMS 0x00000000e2400000, 0x00000000e2400000| Complete 
|  37|0x00000000e2500000, 0x00000000e2600000, 0x00000000e2600000|100%| S|CS|TAMS 0x00000000e2500000, 0x00000000e2500000| Complete 
|  38|0x00000000e2600000, 0x00000000e2700000, 0x00000000e2700000|100%| S|CS|TAMS 0x00000000e2600000, 0x00000000e2600000| Complete 
|  39|0x00000000e2700000, 0x00000000e2700000, 0x00000000e2800000|  0%| F|  |TAMS 0x00000000e2700000, 0x00000000e2700000| Untracked 
|  40|0x00000000e2800000, 0x00000000e2800000, 0x00000000e2900000|  0%| F|  |TAMS 0x00000000e2800000, 0x00000000e2800000| Untracked 
|  41|0x00000000e2900000, 0x00000000e2900000, 0x00000000e2a00000|  0%| F|  |TAMS 0x00000000e2900000, 0x00000000e2900000| Untracked 
|  42|0x00000000e2a00000, 0x00000000e2a00000, 0x00000000e2b00000|  0%| F|  |TAMS 0x00000000e2a00000, 0x00000000e2a00000| Untracked 
|  43|0x00000000e2b00000, 0x00000000e2b00000, 0x00000000e2c00000|  0%| F|  |TAMS 0x00000000e2b00000, 0x00000000e2b00000| Untracked 
|  44|0x00000000e2c00000, 0x00000000e2c00000, 0x00000000e2d00000|  0%| F|  |TAMS 0x00000000e2c00000, 0x00000000e2c00000| Untracked 
|  45|0x00000000e2d00000, 0x00000000e2d00000, 0x00000000e2e00000|  0%| F|  |TAMS 0x00000000e2d00000, 0x00000000e2d00000| Untracked 
|  46|0x00000000e2e00000, 0x00000000e2e00000, 0x00000000e2f00000|  0%| F|  |TAMS 0x00000000e2e00000, 0x00000000e2e00000| Untracked 
|  47|0x00000000e2f00000, 0x00000000e2f00000, 0x00000000e3000000|  0%| F|  |TAMS 0x00000000e2f00000, 0x00000000e2f00000| Untracked 
|  48|0x00000000e3000000, 0x00000000e3000000, 0x00000000e3100000|  0%| F|  |TAMS 0x00000000e3000000, 0x00000000e3000000| Untracked 
|  49|0x00000000e3100000, 0x00000000e3100000, 0x00000000e3200000|  0%| F|  |TAMS 0x00000000e3100000, 0x00000000e3100000| Untracked 
|  50|0x00000000e3200000, 0x00000000e3200000, 0x00000000e3300000|  0%| F|  |TAMS 0x00000000e3200000, 0x00000000e3200000| Untracked 
|  51|0x00000000e3300000, 0x00000000e3300000, 0x00000000e3400000|  0%| F|  |TAMS 0x00000000e3300000, 0x00000000e3300000| Untracked 
|  52|0x00000000e3400000, 0x00000000e3400000, 0x00000000e3500000|  0%| F|  |TAMS 0x00000000e3400000, 0x00000000e3400000| Untracked 
|  53|0x00000000e3500000, 0x00000000e3500000, 0x00000000e3600000|  0%| F|  |TAMS 0x00000000e3500000, 0x00000000e3500000| Untracked 
|  54|0x00000000e3600000, 0x00000000e3600000, 0x00000000e3700000|  0%| F|  |TAMS 0x00000000e3600000, 0x00000000e3600000| Untracked 
|  55|0x00000000e3700000, 0x00000000e3700000, 0x00000000e3800000|  0%| F|  |TAMS 0x00000000e3700000, 0x00000000e3700000| Untracked 
|  56|0x00000000e3800000, 0x00000000e3800000, 0x00000000e3900000|  0%| F|  |TAMS 0x00000000e3800000, 0x00000000e3800000| Untracked 
|  57|0x00000000e3900000, 0x00000000e3900000, 0x00000000e3a00000|  0%| F|  |TAMS 0x00000000e3900000, 0x00000000e3900000| Untracked 
|  58|0x00000000e3a00000, 0x00000000e3a00000, 0x00000000e3b00000|  0%| F|  |TAMS 0x00000000e3a00000, 0x00000000e3a00000| Untracked 
|  59|0x00000000e3b00000, 0x00000000e3b00000, 0x00000000e3c00000|  0%| F|  |TAMS 0x00000000e3b00000, 0x00000000e3b00000| Untracked 
|  60|0x00000000e3c00000, 0x00000000e3c00000, 0x00000000e3d00000|  0%| F|  |TAMS 0x00000000e3c00000, 0x00000000e3c00000| Untracked 
|  61|0x00000000e3d00000, 0x00000000e3d00000, 0x00000000e3e00000|  0%| F|  |TAMS 0x00000000e3d00000, 0x00000000e3d00000| Untracked 
|  62|0x00000000e3e00000, 0x00000000e3e00000, 0x00000000e3f00000|  0%| F|  |TAMS 0x00000000e3e00000, 0x00000000e3e00000| Untracked 
|  63|0x00000000e3f00000, 0x00000000e3f00000, 0x00000000e4000000|  0%| F|  |TAMS 0x00000000e3f00000, 0x00000000e3f00000| Untracked 
|  64|0x00000000e4000000, 0x00000000e4000000, 0x00000000e4100000|  0%| F|  |TAMS 0x00000000e4000000, 0x00000000e4000000| Untracked 
|  65|0x00000000e4100000, 0x00000000e4100000, 0x00000000e4200000|  0%| F|  |TAMS 0x00000000e4100000, 0x00000000e4100000| Untracked 
|  66|0x00000000e4200000, 0x00000000e4200000, 0x00000000e4300000|  0%| F|  |TAMS 0x00000000e4200000, 0x00000000e4200000| Untracked 
|  67|0x00000000e4300000, 0x00000000e4300000, 0x00000000e4400000|  0%| F|  |TAMS 0x00000000e4300000, 0x00000000e4300000| Untracked 
|  68|0x00000000e4400000, 0x00000000e4400000, 0x00000000e4500000|  0%| F|  |TAMS 0x00000000e4400000, 0x00000000e4400000| Untracked 
|  69|0x00000000e4500000, 0x00000000e4500000, 0x00000000e4600000|  0%| F|  |TAMS 0x00000000e4500000, 0x00000000e4500000| Untracked 
|  70|0x00000000e4600000, 0x00000000e4600000, 0x00000000e4700000|  0%| F|  |TAMS 0x00000000e4600000, 0x00000000e4600000| Untracked 
|  71|0x00000000e4700000, 0x00000000e4700000, 0x00000000e4800000|  0%| F|  |TAMS 0x00000000e4700000, 0x00000000e4700000| Untracked 
|  72|0x00000000e4800000, 0x00000000e4800000, 0x00000000e4900000|  0%| F|  |TAMS 0x00000000e4800000, 0x00000000e4800000| Untracked 
|  73|0x00000000e4900000, 0x00000000e4900000, 0x00000000e4a00000|  0%| F|  |TAMS 0x00000000e4900000, 0x00000000e4900000| Untracked 
|  74|0x00000000e4a00000, 0x00000000e4a00000, 0x00000000e4b00000|  0%| F|  |TAMS 0x00000000e4a00000, 0x00000000e4a00000| Untracked 
|  75|0x00000000e4b00000, 0x00000000e4b00000, 0x00000000e4c00000|  0%| F|  |TAMS 0x00000000e4b00000, 0x00000000e4b00000| Untracked 
|  76|0x00000000e4c00000, 0x00000000e4c00000, 0x00000000e4d00000|  0%| F|  |TAMS 0x00000000e4c00000, 0x00000000e4c00000| Untracked 
|  77|0x00000000e4d00000, 0x00000000e4d00000, 0x00000000e4e00000|  0%| F|  |TAMS 0x00000000e4d00000, 0x00000000e4d00000| Untracked 
|  78|0x00000000e4e00000, 0x00000000e4e00000, 0x00000000e4f00000|  0%| F|  |TAMS 0x00000000e4e00000, 0x00000000e4e00000| Untracked 
|  79|0x00000000e4f00000, 0x00000000e4f00000, 0x00000000e5000000|  0%| F|  |TAMS 0x00000000e4f00000, 0x00000000e4f00000| Untracked 
|  80|0x00000000e5000000, 0x00000000e50cc6b0, 0x00000000e5100000| 79%| E|  |TAMS 0x00000000e5000000, 0x00000000e5000000| Complete 
|  81|0x00000000e5100000, 0x00000000e5200000, 0x00000000e5200000|100%| E|CS|TAMS 0x00000000e5100000, 0x00000000e5100000| Complete 
|  82|0x00000000e5200000, 0x00000000e5300000, 0x00000000e5300000|100%| E|CS|TAMS 0x00000000e5200000, 0x00000000e5200000| Complete 
|  83|0x00000000e5300000, 0x00000000e5400000, 0x00000000e5400000|100%| E|CS|TAMS 0x00000000e5300000, 0x00000000e5300000| Complete 
|  84|0x00000000e5400000, 0x00000000e5500000, 0x00000000e5500000|100%| E|CS|TAMS 0x00000000e5400000, 0x00000000e5400000| Complete 
|  85|0x00000000e5500000, 0x00000000e5600000, 0x00000000e5600000|100%| E|CS|TAMS 0x00000000e5500000, 0x00000000e5500000| Complete 
|  86|0x00000000e5600000, 0x00000000e5700000, 0x00000000e5700000|100%| E|CS|TAMS 0x00000000e5600000, 0x00000000e5600000| Complete 
|  87|0x00000000e5700000, 0x00000000e5800000, 0x00000000e5800000|100%| E|CS|TAMS 0x00000000e5700000, 0x00000000e5700000| Complete 
|  88|0x00000000e5800000, 0x00000000e5900000, 0x00000000e5900000|100%| E|CS|TAMS 0x00000000e5800000, 0x00000000e5800000| Complete 
|  89|0x00000000e5900000, 0x00000000e5a00000, 0x00000000e5a00000|100%| E|CS|TAMS 0x00000000e5900000, 0x00000000e5900000| Complete 
|  90|0x00000000e5a00000, 0x00000000e5b00000, 0x00000000e5b00000|100%| E|CS|TAMS 0x00000000e5a00000, 0x00000000e5a00000| Complete 
|  91|0x00000000e5b00000, 0x00000000e5c00000, 0x00000000e5c00000|100%| E|CS|TAMS 0x00000000e5b00000, 0x00000000e5b00000| Complete 
|  92|0x00000000e5c00000, 0x00000000e5d00000, 0x00000000e5d00000|100%| E|CS|TAMS 0x00000000e5c00000, 0x00000000e5c00000| Complete 
|  93|0x00000000e5d00000, 0x00000000e5e00000, 0x00000000e5e00000|100%| E|CS|TAMS 0x00000000e5d00000, 0x00000000e5d00000| Complete 
|  94|0x00000000e5e00000, 0x00000000e5f00000, 0x00000000e5f00000|100%| E|CS|TAMS 0x00000000e5e00000, 0x00000000e5e00000| Complete 
|  95|0x00000000e5f00000, 0x00000000e6000000, 0x00000000e6000000|100%| E|CS|TAMS 0x00000000e5f00000, 0x00000000e5f00000| Complete 

Card table byte_map: [0x0000021c50d20000,0x0000021c50e20000] _byte_map_base: 0x0000021c50620000

Marking Bits (Prev, Next): (CMBitMap*) 0x0000021c39893688, (CMBitMap*) 0x0000021c398936c0
 Prev Bits: [0x0000021c50f20000, 0x0000021c51720000)
 Next Bits: [0x0000021c51720000, 0x0000021c51f20000)

Polling page: 0x0000021c39050000

Metaspace:

Usage:
  Non-class:     34.87 MB capacity,    33.94 MB ( 97%) used,   778.82 KB (  2%) free+waste,   171.56 KB ( <1%) overhead. 
      Class:      5.30 MB capacity,     4.66 MB ( 88%) used,   570.50 KB ( 11%) free+waste,    85.63 KB (  2%) overhead. 
       Both:     40.17 MB capacity,    38.60 MB ( 96%) used,     1.32 MB (  3%) free+waste,   257.19 KB ( <1%) overhead. 

Virtual space:
  Non-class space:       36.00 MB reserved,      35.00 MB ( 97%) committed 
      Class space:        1.00 GB reserved,       5.38 MB ( <1%) committed 
             Both:        1.04 GB reserved,      40.38 MB (  4%) committed 

Chunk freelists:
   Non-Class:  768 bytes
       Class:  1.50 KB
        Both:  2.25 KB

CodeHeap 'non-profiled nmethods': size=120064Kb used=2733Kb max_used=2733Kb free=117330Kb
 bounds [0x0000021c497e0000, 0x0000021c49a90000, 0x0000021c50d20000]
CodeHeap 'profiled nmethods': size=120000Kb used=9594Kb max_used=9594Kb free=110405Kb
 bounds [0x0000021c422b0000, 0x0000021c42c10000, 0x0000021c497e0000]
CodeHeap 'non-nmethods': size=5696Kb used=1324Kb max_used=1354Kb free=4371Kb
 bounds [0x0000021c41d20000, 0x0000021c41f90000, 0x0000021c422b0000]
 total_blobs=4671 nmethods=3916 adapters=665
 compilation: enabled
              stopped_count=0, restarted_count=0
 full_count=0

Compilation events (10 events):
Event: 5.810 Thread 0x0000021c5453a800 nmethod 3922 0x0000021c42c0c090 code [0x0000021c42c0c240, 0x0000021c42c0c3a8]
Event: 5.810 Thread 0x0000021c5453a800 3923       3       com.sun.prism.sw.SWPaint::$jacocoInit (54 bytes)
Event: 5.810 Thread 0x0000021c5453a800 nmethod 3923 0x0000021c42c0c490 code [0x0000021c42c0c6c0, 0x0000021c42c0d158]
Event: 5.810 Thread 0x0000021c5453a800 3925       3       com.sun.prism.sw.SWTexture::$jacocoInit (53 bytes)
Event: 5.811 Thread 0x0000021c54fc7000 nmethod 3924 0x0000021c49a8b390 code [0x0000021c49a8b520, 0x0000021c49a8b618]
Event: 5.811 Thread 0x0000021c5453a800 nmethod 3925 0x0000021c42c0d410 code [0x0000021c42c0d620, 0x0000021c42c0df58]
Event: 5.811 Thread 0x0000021c5453a800 3926       3       com.sun.javafx.geom.transform.Translate2D::getMxt (14 bytes)
Event: 5.811 Thread 0x0000021c5453a800 nmethod 3926 0x0000021c42c0e190 code [0x0000021c42c0e340, 0x0000021c42c0e4a8]
Event: 5.811 Thread 0x0000021c5453a800 3927       3       com.sun.javafx.geom.transform.Translate2D::getMyt (14 bytes)
Event: 5.811 Thread 0x0000021c5453a800 nmethod 3927 0x0000021c42c0e590 code [0x0000021c42c0e740, 0x0000021c42c0e8a8]

GC Heap History (10 events):
Event: 4.032 GC heap before
{Heap before GC invocations=6 (full 0):
 garbage-first heap   total 98304K, used 66226K [0x00000000e0000000, 0x0000000100000000)
  region size 1024K, 57 young (58368K), 4 survivors (4096K)
 Metaspace       used 26906K, capacity 27678K, committed 27776K, reserved 1073152K
  class space    used 2882K, capacity 3191K, committed 3200K, reserved 1048576K
}
Event: 4.036 GC heap after
{Heap after GC invocations=7 (full 0):
 garbage-first heap   total 98304K, used 13144K [0x00000000e0000000, 0x0000000100000000)
  region size 1024K, 6 young (6144K), 6 survivors (6144K)
 Metaspace       used 26906K, capacity 27678K, committed 27776K, reserved 1073152K
  class space    used 2882K, capacity 3191K, committed 3200K, reserved 1048576K
}
Event: 4.334 GC heap before
{Heap before GC invocations=7 (full 0):
 garbage-first heap   total 98304K, used 65368K [0x00000000e0000000, 0x0000000100000000)
  region size 1024K, 57 young (58368K), 6 survivors (6144K)
 Metaspace       used 29122K, capacity 29988K, committed 30208K, reserved 1075200K
  class space    used 3176K, capacity 3539K, committed 3584K, reserved 1048576K
}
Event: 4.340 GC heap after
{Heap after GC invocations=8 (full 0):
 garbage-first heap   total 98304K, used 14131K [0x00000000e0000000, 0x0000000100000000)
  region size 1024K, 4 young (4096K), 4 survivors (4096K)
 Metaspace       used 29122K, capacity 29988K, committed 30208K, reserved 1075200K
  class space    used 3176K, capacity 3539K, committed 3584K, reserved 1048576K
}
Event: 4.701 GC heap before
{Heap before GC invocations=8 (full 0):
 garbage-first heap   total 98304K, used 68403K [0x00000000e0000000, 0x0000000100000000)
  region size 1024K, 57 young (58368K), 4 survivors (4096K)
 Metaspace       used 32032K, capacity 32974K, committed 33280K, reserved 1079296K
  class space    used 3612K, capacity 3993K, committed 4096K, reserved 1048576K
}
Event: 4.704 GC heap after
{Heap after GC invocations=9 (full 0):
 garbage-first heap   total 98304K, used 15052K [0x00000000e0000000, 0x0000000100000000)
  region size 1024K, 5 young (5120K), 5 survivors (5120K)
 Metaspace       used 32032K, capacity 32974K, committed 33280K, reserved 1079296K
  class space    used 3612K, capacity 3993K, committed 4096K, reserved 1048576K
}
Event: 5.076 GC heap before
{Heap before GC invocations=9 (full 0):
 garbage-first heap   total 98304K, used 54988K [0x00000000e0000000, 0x0000000100000000)
  region size 1024K, 46 young (47104K), 5 survivors (5120K)
 Metaspace       used 34729K, capacity 35830K, committed 35840K, reserved 1081344K
  class space    used 4032K, capacity 4480K, committed 4480K, reserved 1048576K
}
Event: 5.081 GC heap after
{Heap after GC invocations=10 (full 0):
 garbage-first heap   total 98304K, used 15523K [0x00000000e0000000, 0x0000000100000000)
  region size 1024K, 5 young (5120K), 5 survivors (5120K)
 Metaspace       used 34729K, capacity 35830K, committed 35840K, reserved 1081344K
  class space    used 4032K, capacity 4480K, committed 4480K, reserved 1048576K
}
Event: 5.659 GC heap before
{Heap before GC invocations=11 (full 0):
 garbage-first heap   total 98304K, used 68771K [0x00000000e0000000, 0x0000000100000000)
  region size 1024K, 57 young (58368K), 5 survivors (5120K)
 Metaspace       used 38646K, capacity 40176K, committed 40448K, reserved 1085440K
  class space    used 4691K, capacity 5342K, committed 5376K, reserved 1048576K
}
Event: 5.664 GC heap after
{Heap after GC invocations=12 (full 0):
 garbage-first heap   total 98304K, used 17363K [0x00000000e0000000, 0x0000000100000000)
  region size 1024K, 6 young (6144K), 6 survivors (6144K)
 Metaspace       used 38646K, capacity 40176K, committed 40448K, reserved 1085440K
  class space    used 4691K, capacity 5342K, committed 5376K, reserved 1048576K
}

Deoptimization events (10 events):
Event: 4.580 Thread 0x0000021c5608f800 Uncommon trap: reason=unstable_if action=reinterpret pc=0x0000021c499a5018 method=org.jacoco.agent.rt.internal_3570298.asm.ClassReader.readVerificationTypeInfo(I[Ljava/lang/Object;I[C[Lorg/jacoco/agent/rt/internal_3570298/asm/Label;)I @ 21 c2
Event: 4.900 Thread 0x0000021c589f0800 Uncommon trap: reason=class_check action=maybe_recompile pc=0x0000021c497eb45c method=java.lang.String.equals(Ljava/lang/Object;)Z @ 8 c2
Event: 4.900 Thread 0x0000021c589f0800 Uncommon trap: reason=class_check action=maybe_recompile pc=0x0000021c497eb45c method=java.lang.String.equals(Ljava/lang/Object;)Z @ 8 c2
Event: 4.900 Thread 0x0000021c589f0800 Uncommon trap: reason=class_check action=maybe_recompile pc=0x0000021c497eb45c method=java.lang.String.equals(Ljava/lang/Object;)Z @ 8 c2
Event: 4.902 Thread 0x0000021c589f0800 Uncommon trap: reason=class_check action=maybe_recompile pc=0x0000021c497eb45c method=java.lang.String.equals(Ljava/lang/Object;)Z @ 8 c2
Event: 5.040 Thread 0x0000021c589f0800 Uncommon trap: reason=unstable_if action=reinterpret pc=0x0000021c49a11230 method=java.lang.ClassLoader.checkName(Ljava/lang/String;)Z @ 20 c2
Event: 5.204 Thread 0x0000021c589f0800 Uncommon trap: reason=unstable_if action=reinterpret pc=0x0000021c499ec904 method=java.net.URL.<init>(Ljava/net/URL;Ljava/lang/String;Ljava/net/URLStreamHandler;)V @ 347 c2
Event: 5.599 Thread 0x0000021c589f0800 Uncommon trap: reason=unstable_if action=reinterpret pc=0x0000021c49a63838 method=javafx.css.SimpleSelector.stateMatches(Ljavafx/css/Styleable;Ljava/util/Set;)Z @ 5 c2
Event: 5.762 Thread 0x0000021c55f79000 Uncommon trap: reason=unstable_if action=reinterpret pc=0x0000021c49a70c70 method=java.util.WeakHashMap.eq(Ljava/lang/Object;Ljava/lang/Object;)Z @ 2 c2
Event: 5.811 Thread 0x0000021c55f79000 Uncommon trap: reason=bimorphic_or_optimized_type_check action=maybe_recompile pc=0x0000021c49a0d52c method=java.util.concurrent.ConcurrentHashMap.putVal(Ljava/lang/Object;Ljava/lang/Object;Z)Ljava/lang/Object; @ 242 c2

Classes redefined (0 events):
No events

Internal exceptions (10 events):
Event: 4.439 Thread 0x0000021c5608f800 Exception <a 'java/lang/NoSuchMethodError'{0x00000000e509c978}: java.lang.invoke.DirectMethodHandle$Holder.invokeStatic(Ljava/lang/Object;Ljava/lang/Object;Ljava/lang/Object;Ljava/lang/Object;Ljava/lang/Object;Ljava/lang/Object;Ljava/lang/Object;Ljava/lan
Event: 4.439 Thread 0x0000021c5608f800 Exception <a 'java/lang/NoSuchMethodError'{0x00000000e50a1440}: java.lang.invoke.DirectMethodHandle$Holder.invokeSpecial(Ljava/lang/Object;Ljava/lang/Object;Ljava/lang/Object;Ljava/lang/Object;Ljava/lang/Object;Ljava/lang/Object;Ljava/lang/Object;Ljava/la
Event: 4.442 Thread 0x0000021c5608f800 Exception <a 'java/lang/NoSuchMethodError'{0x00000000e50b0e90}: java.lang.invoke.DirectMethodHandle$Holder.invokeStatic(Ljava/lang/Object;Ljava/lang/Object;ILjava/lang/Object;)Ljava/lang/Object;> (0x00000000e50b0e90) thrown at [./open/src/hotspot/share/in
Event: 4.443 Thread 0x0000021c5608f800 Exception <a 'java/lang/NoSuchMethodError'{0x00000000e50b40e0}: java.lang.invoke.Invokers$Holder.linkToTargetMethod(Ljava/lang/Object;ILjava/lang/Object;Ljava/lang/Object;)Ljava/lang/Object;> (0x00000000e50b40e0) thrown at [./open/src/hotspot/share/interp
Event: 4.935 Thread 0x0000021c589f0800 Exception <a 'java/lang/NoSuchMethodError'{0x00000000e45507f8}: java.lang.invoke.DirectMethodHandle$Holder.invokeInterface(Ljava/lang/Object;Ljava/lang/Object;Ljava/lang/Object;)Ljava/lang/Object;> (0x00000000e45507f8) thrown at [./open/src/hotspot/share/
Event: 4.935 Thread 0x0000021c589f0800 Exception <a 'java/lang/IncompatibleClassChangeError'{0x00000000e4553780}: Found class java.lang.Object, but interface was expected> (0x00000000e4553780) thrown at [./open/src/hotspot/share/interpreter/linkResolver.cpp, line 838]
Event: 5.022 Thread 0x0000021c589f0800 Exception <a 'java/lang/NoSuchMethodError'{0x00000000e3dfd820}: java.lang.invoke.DirectMethodHandle$Holder.invokeSpecialIFC(Ljava/lang/Object;Ljava/lang/Object;Ljava/lang/Object;Ljava/lang/Object;)V> (0x00000000e3dfd820) thrown at [./open/src/hotspot/shar
Event: 5.298 Thread 0x0000021c589f0800 Exception <a 'java/lang/NoSuchMethodError'{0x00000000e4c4fac0}: java.lang.invoke.DirectMethodHandle$Holder.invokeSpecial(Ljava/lang/Object;Ljava/lang/Object;Ljava/lang/Object;Ljava/lang/Object;Ljava/lang/Object;Ljava/lang/Object;)V> (0x00000000e4c4fac0) t
Event: 5.596 Thread 0x0000021c56a1c800 Exception <a 'java/lang/NoSuchMethodError'{0x00000000e2c029b0}: java.lang.invoke.DirectMethodHandle$Holder.invokeVirtual(Ljava/lang/Object;Ljava/lang/Object;)V> (0x00000000e2c029b0) thrown at [./open/src/hotspot/share/interpreter/linkResolver.cpp, line 77
Event: 5.599 Thread 0x0000021c589f0800 Implicit null exception at 0x0000021c49a62484 to 0x0000021c49a637f4

Events (10 events):
Event: 5.799 loading class com/sun/scenario/effect/impl/ImagePool$1 done
Event: 5.802 loading class com/sun/scenario/effect/ImageData$1
Event: 5.802 loading class com/sun/scenario/effect/ImageData$1 done
Event: 5.803 loading class com/sun/javafx/geom/transform/Affine3D$1
Event: 5.803 loading class com/sun/javafx/geom/transform/Affine3D$1 done
Event: 5.811 Thread 0x0000021c55f79000 Uncommon trap: trap_request=0xffffffc6 fr.pc=0x0000021c49a0d52c relative=0x00000000000016ac
Event: 5.811 Thread 0x0000021c55f79000 DEOPT PACKING pc=0x0000021c49a0d52c sp=0x000000bf0abfc050
Event: 5.811 Thread 0x0000021c55f79000 DEOPT UNPACKING pc=0x0000021c41d4662f sp=0x000000bf0abfbfd0 mode 2
Event: 5.815 loading class com/sun/javafx/font/directwrite/IWICImagingFactory
Event: 5.815 loading class com/sun/javafx/font/directwrite/IWICImagingFactory done


Dynamic libraries:
0x00007ff7e5ea0000 - 0x00007ff7e5eaf000 	C:\Program Files\Java\jdk-11.0.11\bin\java.exe
0x00007fff6c3b0000 - 0x00007fff6c5a5000 	C:\WINDOWS\SYSTEM32\ntdll.dll
0x00007fff6b210000 - 0x00007fff6b2ce000 	C:\WINDOWS\System32\KERNEL32.DLL
0x00007fff69e40000 - 0x00007fff6a108000 	C:\WINDOWS\System32\KERNELBASE.dll
0x00007fff69cb0000 - 0x00007fff69db0000 	C:\WINDOWS\System32\ucrtbase.dll
0x00007fff4c420000 - 0x00007fff4c438000 	C:\Program Files\Java\jdk-11.0.11\bin\jli.dll
0x00007fff48ac0000 - 0x00007fff48ad5000 	C:\Program Files\Java\jdk-11.0.11\bin\VCRUNTIME140.dll
0x00007fff6b900000 - 0x00007fff6b9ac000 	C:\WINDOWS\System32\ADVAPI32.dll
0x00007fff6a400000 - 0x00007fff6a49e000 	C:\WINDOWS\System32\msvcrt.dll
0x00007fff6a8e0000 - 0x00007fff6a97b000 	C:\WINDOWS\System32\sechost.dll
0x00007fff6b2d0000 - 0x00007fff6b3fa000 	C:\WINDOWS\System32\RPCRT4.dll
0x00007fff6a560000 - 0x00007fff6a701000 	C:\WINDOWS\System32\USER32.dll
0x00007fff69ad0000 - 0x00007fff69af2000 	C:\WINDOWS\System32\win32u.dll
0x00007fff6b1d0000 - 0x00007fff6b1fb000 	C:\WINDOWS\System32\GDI32.dll
0x00007fff572c0000 - 0x00007fff5755a000 	C:\WINDOWS\WinSxS\amd64_microsoft.windows.common-controls_6595b64144ccf1df_6.0.19041.1110_none_60b5254171f9507e\COMCTL32.dll
0x00007fff69ba0000 - 0x00007fff69cab000 	C:\WINDOWS\System32\gdi32full.dll
0x00007fff69b00000 - 0x00007fff69b9d000 	C:\WINDOWS\System32\msvcp_win.dll
0x00007fff688b0000 - 0x00007fff688ba000 	C:\WINDOWS\SYSTEM32\VERSION.dll
0x00007fff6b120000 - 0x00007fff6b150000 	C:\WINDOWS\System32\IMM32.DLL
0x00007fff307f0000 - 0x00007fff3088b000 	C:\Program Files\Java\jdk-11.0.11\bin\msvcp140.dll
0x00007ffef4650000 - 0x00007ffef514e000 	C:\Program Files\Java\jdk-11.0.11\bin\server\jvm.dll
0x00007fff6b200000 - 0x00007fff6b208000 	C:\WINDOWS\System32\PSAPI.DLL
0x00007fff65640000 - 0x00007fff65649000 	C:\WINDOWS\SYSTEM32\WSOCK32.dll
0x00007fff6b460000 - 0x00007fff6b4cb000 	C:\WINDOWS\System32\WS2_32.dll
0x00007fff61520000 - 0x00007fff61547000 	C:\WINDOWS\SYSTEM32\WINMM.dll
0x00007fff68870000 - 0x00007fff68882000 	C:\WINDOWS\SYSTEM32\kernel.appcore.dll
0x00007fff65630000 - 0x00007fff65640000 	C:\Program Files\Java\jdk-11.0.11\bin\verify.dll
0x00007fff59070000 - 0x00007fff59254000 	C:\WINDOWS\SYSTEM32\DBGHELP.DLL
0x00007fff53a40000 - 0x00007fff53a6c000 	C:\WINDOWS\SYSTEM32\dbgcore.DLL
0x00007fff6a110000 - 0x00007fff6a193000 	C:\WINDOWS\System32\bcryptPrimitives.dll
0x00007fff51a80000 - 0x00007fff51aa8000 	C:\Program Files\Java\jdk-11.0.11\bin\java.dll
0x00007fff65620000 - 0x00007fff6562a000 	C:\Program Files\Java\jdk-11.0.11\bin\jimage.dll
0x00007fff4c3e0000 - 0x00007fff4c3ee000 	C:\Program Files\Java\jdk-11.0.11\bin\instrument.dll
0x00007fff52240000 - 0x00007fff52256000 	C:\Program Files\Java\jdk-11.0.11\bin\zip.dll
0x00007fff6a980000 - 0x00007fff6b0bf000 	C:\WINDOWS\System32\SHELL32.dll
0x00007fff67a10000 - 0x00007fff681a0000 	C:\WINDOWS\SYSTEM32\windows.storage.dll
0x00007fff6b5a0000 - 0x00007fff6b8f5000 	C:\WINDOWS\System32\combase.dll
0x00007fff69450000 - 0x00007fff6947e000 	C:\WINDOWS\SYSTEM32\Wldp.dll
0x00007fff6b4d0000 - 0x00007fff6b57d000 	C:\WINDOWS\System32\SHCORE.dll
0x00007fff6a720000 - 0x00007fff6a775000 	C:\WINDOWS\System32\shlwapi.dll
0x00007fff69a10000 - 0x00007fff69a2f000 	C:\WINDOWS\SYSTEM32\profapi.dll
0x00007fff51a60000 - 0x00007fff51a79000 	C:\Program Files\Java\jdk-11.0.11\bin\net.dll
0x00007fff59c70000 - 0x00007fff59d7c000 	C:\WINDOWS\SYSTEM32\WINHTTP.dll
0x00007fff691b0000 - 0x00007fff6921a000 	C:\WINDOWS\system32\mswsock.dll
0x00007fff51a40000 - 0x00007fff51a52000 	C:\Program Files\Java\jdk-11.0.11\bin\nio.dll
0x00007fff33d90000 - 0x00007fff33da7000 	C:\WINDOWS\system32\napinsp.dll
0x00007fff33d70000 - 0x00007fff33d8b000 	C:\WINDOWS\system32\pnrpnsp.dll
0x00007fff64970000 - 0x00007fff64985000 	C:\WINDOWS\system32\wshbth.dll
0x00007fff65380000 - 0x00007fff6539d000 	C:\WINDOWS\system32\NLAapi.dll
0x00007fff68ea0000 - 0x00007fff68edb000 	C:\WINDOWS\SYSTEM32\IPHLPAPI.DLL
0x00007fff68ee0000 - 0x00007fff68fab000 	C:\WINDOWS\SYSTEM32\DNSAPI.dll
0x00007fff6a550000 - 0x00007fff6a558000 	C:\WINDOWS\System32\NSI.dll
0x00007fff33d50000 - 0x00007fff33d62000 	C:\WINDOWS\System32\winrnr.dll
0x00007fff57580000 - 0x00007fff5758a000 	C:\Windows\System32\rasadhlp.dll
0x00007fff57680000 - 0x00007fff576ff000 	C:\WINDOWS\System32\fwpuclnt.dll
0x00007fff69e10000 - 0x00007fff69e37000 	C:\WINDOWS\System32\bcrypt.dll
0x00007fff693a0000 - 0x00007fff693b8000 	C:\WINDOWS\SYSTEM32\CRYPTSP.dll
0x00007fff68b30000 - 0x00007fff68b64000 	C:\WINDOWS\system32\rsaenh.dll
0x00007fff69990000 - 0x00007fff699be000 	C:\WINDOWS\SYSTEM32\USERENV.dll
0x00007fff693c0000 - 0x00007fff693cc000 	C:\WINDOWS\SYSTEM32\CRYPTBASE.dll
0x00007fff61500000 - 0x00007fff61517000 	C:\WINDOWS\SYSTEM32\dhcpcsvc6.DLL
0x00007fff62eb0000 - 0x00007fff62ecd000 	C:\WINDOWS\SYSTEM32\dhcpcsvc.DLL
0x0000000070bc0000 - 0x0000000070c9c000 	C:\Users\tomit\AppData\Local\Temp\sqlite-3.36.0.3-abaf9044-f70b-4932-898d-b8ca33340ea3-sqlitejdbc.dll
0x0000021c397e0000 - 0x0000021c397e3000 	C:\Program Files\Java\jdk-11.0.11\bin\api-ms-win-core-console-l1-1-0.dll
0x0000021c397f0000 - 0x0000021c397f3000 	C:\Program Files\Java\jdk-11.0.11\bin\api-ms-win-core-datetime-l1-1-0.dll
0x0000021c39800000 - 0x0000021c39803000 	C:\Program Files\Java\jdk-11.0.11\bin\api-ms-win-core-debug-l1-1-0.dll
0x0000021c39810000 - 0x0000021c39813000 	C:\Program Files\Java\jdk-11.0.11\bin\api-ms-win-core-errorhandling-l1-1-0.dll
0x0000021c39820000 - 0x0000021c39824000 	C:\Program Files\Java\jdk-11.0.11\bin\api-ms-win-core-file-l1-1-0.dll
0x0000021c39830000 - 0x0000021c39833000 	C:\Program Files\Java\jdk-11.0.11\bin\api-ms-win-core-file-l1-2-0.dll
0x0000021c39840000 - 0x0000021c39843000 	C:\Program Files\Java\jdk-11.0.11\bin\api-ms-win-core-file-l2-1-0.dll
0x0000021c58740000 - 0x0000021c58743000 	C:\Program Files\Java\jdk-11.0.11\bin\api-ms-win-core-handle-l1-1-0.dll
0x0000021c58750000 - 0x0000021c58753000 	C:\Program Files\Java\jdk-11.0.11\bin\api-ms-win-core-heap-l1-1-0.dll
0x0000021c58760000 - 0x0000021c58763000 	C:\Program Files\Java\jdk-11.0.11\bin\api-ms-win-core-interlocked-l1-1-0.dll
0x0000021c58770000 - 0x0000021c58773000 	C:\Program Files\Java\jdk-11.0.11\bin\api-ms-win-core-libraryloader-l1-1-0.dll
0x0000021c58780000 - 0x0000021c58783000 	C:\Program Files\Java\jdk-11.0.11\bin\api-ms-win-core-localization-l1-2-0.dll
0x0000021c58790000 - 0x0000021c58793000 	C:\Program Files\Java\jdk-11.0.11\bin\api-ms-win-core-memory-l1-1-0.dll
0x0000021c587a0000 - 0x0000021c587a3000 	C:\Program Files\Java\jdk-11.0.11\bin\api-ms-win-core-namedpipe-l1-1-0.dll
0x0000021c587b0000 - 0x0000021c587b3000 	C:\Program Files\Java\jdk-11.0.11\bin\api-ms-win-core-processenvironment-l1-1-0.dll
0x0000021c587c0000 - 0x0000021c587c3000 	C:\Program Files\Java\jdk-11.0.11\bin\api-ms-win-core-processthreads-l1-1-0.dll
0x0000021c587d0000 - 0x0000021c587d3000 	C:\Program Files\Java\jdk-11.0.11\bin\api-ms-win-core-processthreads-l1-1-1.dll
0x0000021c587e0000 - 0x0000021c587e3000 	C:\Program Files\Java\jdk-11.0.11\bin\api-ms-win-core-profile-l1-1-0.dll
0x0000021c587f0000 - 0x0000021c587f3000 	C:\Program Files\Java\jdk-11.0.11\bin\api-ms-win-core-rtlsupport-l1-1-0.dll
0x0000021c58800000 - 0x0000021c58803000 	C:\Program Files\Java\jdk-11.0.11\bin\api-ms-win-core-string-l1-1-0.dll
0x0000021c599e0000 - 0x0000021c599e3000 	C:\Program Files\Java\jdk-11.0.11\bin\api-ms-win-core-synch-l1-1-0.dll
0x0000021c599f0000 - 0x0000021c599f3000 	C:\Program Files\Java\jdk-11.0.11\bin\api-ms-win-core-synch-l1-2-0.dll
0x0000021c59a00000 - 0x0000021c59a03000 	C:\Program Files\Java\jdk-11.0.11\bin\api-ms-win-core-sysinfo-l1-1-0.dll
0x0000021c59a10000 - 0x0000021c59a13000 	C:\Program Files\Java\jdk-11.0.11\bin\api-ms-win-core-timezone-l1-1-0.dll
0x0000021c59a20000 - 0x0000021c59a23000 	C:\Program Files\Java\jdk-11.0.11\bin\api-ms-win-core-util-l1-1-0.dll
0x0000021c59a30000 - 0x0000021c59a33000 	C:\Program Files\Java\jdk-11.0.11\bin\api-ms-win-crt-conio-l1-1-0.dll
0x0000021c59a40000 - 0x0000021c59a44000 	C:\Program Files\Java\jdk-11.0.11\bin\api-ms-win-crt-convert-l1-1-0.dll
0x0000021c59a50000 - 0x0000021c59a53000 	C:\Program Files\Java\jdk-11.0.11\bin\api-ms-win-crt-environment-l1-1-0.dll
0x0000021c5ab30000 - 0x0000021c5ab33000 	C:\Program Files\Java\jdk-11.0.11\bin\api-ms-win-crt-filesystem-l1-1-0.dll
0x0000021c5ab40000 - 0x0000021c5ab43000 	C:\Program Files\Java\jdk-11.0.11\bin\api-ms-win-crt-heap-l1-1-0.dll
0x0000021c5ab50000 - 0x0000021c5ab53000 	C:\Program Files\Java\jdk-11.0.11\bin\api-ms-win-crt-locale-l1-1-0.dll
0x0000021c5ab60000 - 0x0000021c5ab65000 	C:\Program Files\Java\jdk-11.0.11\bin\api-ms-win-crt-math-l1-1-0.dll
0x0000021c5ab70000 - 0x0000021c5ab75000 	C:\Program Files\Java\jdk-11.0.11\bin\api-ms-win-crt-multibyte-l1-1-0.dll
0x0000021c5ab80000 - 0x0000021c5ab90000 	C:\Program Files\Java\jdk-11.0.11\bin\api-ms-win-crt-private-l1-1-0.dll
0x0000021c5ab90000 - 0x0000021c5ab93000 	C:\Program Files\Java\jdk-11.0.11\bin\api-ms-win-crt-process-l1-1-0.dll
0x0000021c5aba0000 - 0x0000021c5aba4000 	C:\Program Files\Java\jdk-11.0.11\bin\api-ms-win-crt-runtime-l1-1-0.dll
0x0000021c5abb0000 - 0x0000021c5abb4000 	C:\Program Files\Java\jdk-11.0.11\bin\api-ms-win-crt-stdio-l1-1-0.dll
0x0000021c5abc0000 - 0x0000021c5abc4000 	C:\Program Files\Java\jdk-11.0.11\bin\api-ms-win-crt-string-l1-1-0.dll
0x0000021c5abd0000 - 0x0000021c5abd3000 	C:\Program Files\Java\jdk-11.0.11\bin\api-ms-win-crt-time-l1-1-0.dll
0x0000021c5abe0000 - 0x0000021c5abe3000 	C:\Program Files\Java\jdk-11.0.11\bin\api-ms-win-crt-utility-l1-1-0.dll
0x00007fff30310000 - 0x00007fff3040a000 	C:\Program Files\Java\jdk-11.0.11\bin\ucrtbase.dll
0x00007fff48c60000 - 0x00007fff48cae000 	C:\Windows\System32\concrt140.dll
0x00007fff55ee0000 - 0x00007fff55eec000 	C:\WINDOWS\SYSTEM32\VCRUNTIME140_1.dll
0x00007fff67150000 - 0x00007fff6716c000 	C:\Users\tomit\.openjfx\cache\11.0.2\prism_sw.dll
0x00007fff519f0000 - 0x00007fff51a04000 	C:\Users\tomit\.openjfx\cache\11.0.2\javafx_font.dll
0x00007fff6b9b0000 - 0x00007fff6bada000 	C:\WINDOWS\System32\ole32.dll
0x00007fff67330000 - 0x00007fff673ce000 	C:\WINDOWS\system32\uxtheme.dll
0x00007fff4a220000 - 0x00007fff4a4a3000 	C:\WINDOWS\SYSTEM32\dwrite.dll
0x00007fff48aa0000 - 0x00007fff48ab8000 	C:\Users\tomit\.openjfx\cache\11.0.2\decora_sse.dll
0x00007fff6a4a0000 - 0x00007fff6a549000 	C:\WINDOWS\System32\clbcatq.dll

dbghelp: loaded successfully - version: 4.0.5 - missing functions: none
symbol engine: initialized successfully - sym options: 0x614 - pdb path: .;C:\Program Files\Java\jdk-11.0.11\bin;C:\WINDOWS\SYSTEM32;C:\WINDOWS\WinSxS\amd64_microsoft.windows.common-controls_6595b64144ccf1df_6.0.19041.1110_none_60b5254171f9507e;C:\Program Files\Java\jdk-11.0.11\bin\server;C:\Users\tomit\AppData\Local\Temp;C:\Users\tomit\.openjfx\cache\11.0.2

VM Arguments:
jvm_args: -Dglass.platform=Monocle -Djava.awt.headless=true -Dmonocle.platform=headless -Dorg.gradle.internal.worker.tmpdir=C:\Users\tomit\git\ohtu-miniprojekti2021\app\build\tmp\test\work -Dorg.gradle.native=false -Dprism.order=sw -Dprism.text=t2k -Dtestfx.headless=true -Dtestfx.robot=glass -javaagent:build/tmp/expandedArchives/org.jacoco.agent-0.8.7.jar_3a83c50b4a016f281c4e9f3500d16b55/jacocoagent.jar=destfile=build/jacoco/test.exec,append=true,inclnolocationclasses=false,dumponexit=true,output=file,jmx=false --add-opens=java.base/java.util=ALL-UNNAMED --add-opens=java.base/java.lang=ALL-UNNAMED -Xmx512m -Dfile.encoding=windows-1252 -Duser.country=GB -Duser.language=en -Duser.variant -ea 
java_command: worker.org.gradle.process.internal.worker.GradleWorkerMain 'Gradle Test Executor 1'
java_class_path (initial): C:\\Users\\tomit\\.gradle\\caches\\7.1.1\\workerMain\\gradle-worker.jar;C:\\Users\\tomit\\git\\ohtu-miniprojekti2021\\app\\build\\classes\\java\\test;C:\\Users\\tomit\\git\\ohtu-miniprojekti2021\\app\\build\\resources\\test;C:\\Users\\tomit\\git\\ohtu-miniprojekti2021\\app\\build\\classes\\java\\main;C:\\Users\\tomit\\git\\ohtu-miniprojekti2021\\app\\build\\resources\\main;C:\\Users\\tomit\\.gradle\\caches\\modules-2\\files-2.1\\com.google.guava\\guava\\30.1-jre\\d0c3ce2311c9e36e73228da25a6e99b2ab826f\\guava-30.1-jre.jar;C:\\Users\\tomit\\.gradle\\caches\\modules-2\\files-2.1\\org.xerial\\sqlite-jdbc\\3.36.0.3\\7fa71c4dfab806490cb909714fb41373ec552c29\\sqlite-jdbc-3.36.0.3.jar;C:\\Users\\tomit\\.gradle\\caches\\modules-2\\files-2.1\\org.openjfx\\javafx-fxml\\11.0.2\\b3242e4c031558574de2a1da685bb5fcdbb8a530\\javafx-fxml-11.0.2-win.jar;C:\\Users\\tomit\\.gradle\\caches\\modules-2\\files-2.1\\org.testfx\\openjfx-monocle\\jdk-11+26\\7a988f4e2a6db0b3a17baacea6e102df86a3d375\\openjfx-monocle-jdk-11+26.jar;C:\\Users\\tomit\\.gradle\\caches\\modules-2\\files-2.1\\org.openjfx\\javafx-controls\\11.0.2\\6c763707769c18adce406904c771c2ad1fcc370b\\javafx-controls-11.0.2-win.jar;C:\\Users\\tomit\\.gradle\\caches\\modules-2\\files-2.1\\org.openjfx\\javafx-controls\\11.0.2\\4ab633cf1eea60f76e2ae9905aedac862da88b08\\javafx-controls-11.0.2.jar;C:\\Users\\tomit\\.gradle\\caches\\modules-2\\files-2.1\\org.openjfx\\javafx-graphics\\11.0.2\\20459ea2cf714942bcbeb78a7f70ba3531dc1a44\\javafx-graphics-11.0.2-win.jar;C:\\Users\\tomit\\.gradle\\caches\\modules-2\\files-2.1\\org.openjfx\\javafx-graphics\\11.0.2\\e522eb4ea422eceeee207b1c266ba3db19b2343a\\javafx-graphics-11.0.2.jar;C:\\Users\\tomit\\.gradle\\caches\\modules-2\\files-2.1\\org.openjfx\\javafx-base\\11.0.2\\1852e57b8cf9a9b6488c33605bccd5d06ff210e1\\javafx-base-11.0.2-win.jar;C:\\Users\\tomit\\.gradle\\caches\\modules-2\\files-2.1\\org.openjfx\\javafx-base\\11.0.2\\7fb2e4a8528ec9e434a9ac9ee98b39af79e6dcb8\
Launcher Type: SUN_STANDARD

[Global flags]
     intx CICompilerCount                          = 3                                         {product} {ergonomic}
     uint ConcGCThreads                            = 1                                         {product} {ergonomic}
     uint G1ConcRefinementThreads                  = 4                                         {product} {ergonomic}
   size_t G1HeapRegionSize                         = 1048576                                   {product} {ergonomic}
    uintx GCDrainStackTargetSize                   = 64                                        {product} {ergonomic}
   size_t InitialHeapSize                          = 100663296                                 {product} {ergonomic}
   size_t MarkStackSize                            = 4194304                                   {product} {ergonomic}
   size_t MaxHeapSize                              = 536870912                                 {product} {command line}
   size_t MaxNewSize                               = 321912832                                 {product} {ergonomic}
   size_t MinHeapDeltaBytes                        = 1048576                                   {product} {ergonomic}
    uintx NonNMethodCodeHeapSize                   = 5830732                                {pd product} {ergonomic}
    uintx NonProfiledCodeHeapSize                  = 122913754                              {pd product} {ergonomic}
    uintx ProfiledCodeHeapSize                     = 122913754                              {pd product} {ergonomic}
    uintx ReservedCodeCacheSize                    = 251658240                              {pd product} {ergonomic}
     bool SegmentedCodeCache                       = true                                      {product} {ergonomic}
     bool UseCompressedClassPointers               = true                                 {lp64_product} {ergonomic}
     bool UseCompressedOops                        = true                                 {lp64_product} {ergonomic}
     bool UseG1GC                                  = true                                      {product} {ergonomic}
     bool UseLargePagesIndividualAllocation        = false                                  {pd product} {ergonomic}

Logging:
Log output configuration:
 #0: stdout all=warning uptime,level,tags
 #1: stderr all=off uptime,level,tags

Environment Variables:
JAVA_HOME=C:\Program Files\Java\jdk-11.0.11
CLASSPATH=C:\Users\tomit\git\ohtu-miniprojekti2021\\gradle\wrapper\gradle-wrapper.jar
PATH=C:\Program Files\Common Files\Oracle\Java\javapath;C:\Program Files (x86)\Common Files\Oracle\Java\javapath;C:\WINDOWS\system32;C:\WINDOWS;C:\WINDOWS\System32\Wbem;C:\WINDOWS\System32\WindowsPowerShell\v1.0\;C:\WINDOWS\System32\OpenSSH\;C:\Program Files (x86)\Bitvise SSH Client;C:\Program Files\Git\cmd;C:\Gradle\gradle-7.3\bin;C:\Program Files (x86)\sqlite3;C:\Program Files\Java\jdk-11.0.11\bin;C:\Program Files (x86)\dotnet\;C:\Users\tomit\.poetry\bin;C:\Users\tomit\AppData\Local\Programs\Python\Python310\Scripts\;C:\Users\tomit\AppData\Local\Programs\Python\Python310\;C:\Users\tomit\AppData\Local\Microsoft\WindowsApps;C:\Program Files\Wireshark;;C:\Users\tomit\AppData\Local\Programs\Microsoft VS Code\bin
USERNAME=tomit
OS=Windows_NT
PROCESSOR_IDENTIFIER=AMD64 Family 23 Model 24 Stepping 1, AuthenticAMD



---------------  S Y S T E M  ---------------

OS: Windows 10 , 64 bit Build 19041 (10.0.19041.1348)

CPU:total 4 (initial active 4) (4 cores per cpu, 1 threads per core) family 23 model 24 stepping 1 microcode 0x0, cmov, cx8, fxsr, mmx, sse, sse2, sse3, ssse3, sse4.1, sse4.2, popcnt, avx, avx2, aes, clmul, mmxext, 3dnowpref, lzcnt, sse4a, tsc, tscinvbit, tscinv, bmi1, bmi2, adx, sha, 

Memory: 4k page, system-wide physical 6053M (828M free)
TotalPageFile size 12453M (AvailPageFile size 3133M)
current process WorkingSet (physical memory assigned to process): 203M, peak: 218M
current process commit charge ("private bytes"): 240M, peak: 270M

vm_info: Java HotSpot(TM) 64-Bit Server VM (11.0.11+9-LTS-194) for windows-amd64 JRE (11.0.11+9-LTS-194), built on Mar 18 2021 18:46:53 by "mach5one" with MS VC++ 15.9 (VS2017)

END.
